17:46:28.897 [main                     ] DEBUG GameApplication      - Logger initialized
17:46:28.902 [main                     ] DEBUG GameApplication      - Logging settings
Title: Untitled
Version: 0.0
Width: 800
Height: 600
Fullscreen: false
Intro: false
Profiling: false
Single step:false
App Mode: DEVELOPER
Menu Key: ESCAPE
Stage Style: DECORATED
Scene Factory: class com.almasb.fxgl.app.scene.SceneFactory

17:46:29.351 [JavaFX Application Thread] DEBUG GameApplication      - Initializing FXGL
17:46:29.359 [JavaFX Application Thread] INFO  Engine               - FXGL-11.9 (27.05.2020 17.06) on LINUX (J:14.0.2 FX:13.0.2)
17:46:29.360 [JavaFX Application Thread] DEBUG Engine               - JRE Vendor Name: Oracle Corporation
17:46:29.360 [JavaFX Application Thread] DEBUG Engine               - Running on OS: Linux version 5.3.0-51-generic
17:46:29.360 [JavaFX Application Thread] DEBUG Engine               - Architecture: amd64
17:46:29.361 [JavaFX Application Thread] INFO  Engine               - Source code and latest versions at: https://github.com/AlmasB/FXGL
17:46:29.361 [JavaFX Application Thread] INFO  Engine               -              Join the FXGL chat at: https://gitter.im/AlmasB/FXGL
17:46:29.466 [JavaFX Application Thread] DEBUG MainWindow           - Creating a JavaFX scene
17:46:29.524 [JavaFX Application Thread] DEBUG MainWindow           - Target settings size: 800.0 x 600.0
17:46:29.525 [JavaFX Application Thread] DEBUG MainWindow           - Scaled scene size:    800.0 x 600.0
17:46:29.525 [JavaFX Application Thread] DEBUG MainWindow           - Scaled ratio: (1.0, 1.0)
17:46:29.526 [JavaFX Application Thread] DEBUG MainWindow           - Set initial scene to FXGLStartupScene
17:46:29.531 [JavaFX Application Thread] DEBUG MainWindow           - Opening main window
17:46:29.564 [JavaFX Application Thread] DEBUG MainWindow           - Window border size: (2.0, 29.0)
17:46:29.564 [JavaFX Application Thread] DEBUG MainWindow           - Scaled size: 800.0 x 600.0
17:46:29.564 [JavaFX Application Thread] DEBUG MainWindow           - Scaled ratio: (1.0, 1.0)
17:46:29.564 [JavaFX Application Thread] DEBUG MainWindow           - Scene size: 800.0 x 600.0
17:46:29.565 [JavaFX Application Thread] DEBUG MainWindow           - Stage size: 802.0 x 629.0
17:46:29.570 [FXGL Background Thread 1 ] DEBUG Engine               - Initializing environment variables
17:46:29.592 [FXGL Background Thread 1 ] DEBUG WindowService        - Applying CSS: fxgl_dark.css
17:46:29.593 [FXGL Background Thread 1 ] DEBUG AssetLoaderService   - Loading from file system: /assets/ui/css/fxgl_dark.css
17:46:29.634 [FXGL Background Thread 1 ] DEBUG WindowService        - Initializing application scenes
17:46:29.659 [FXGL Background Thread 1 ] DEBUG GameWorld            - Game world initialized
17:46:29.681 [FXGL Background Thread 1 ] DEBUG PhysicsWorld         - Physics world initialized: appHeight=600, physics.ppm=50.0
17:46:29.683 [FXGL Background Thread 1 ] DEBUG GameScene            - Game scene initialized: 800x600
17:46:29.702 [FXGL Background Thread 1 ] DEBUG AssetLoaderService   - Loading from file system: /assets/textures/particles/trace_horizontal.png
17:46:29.757 [FXGL Background Thread 1 ] DEBUG FXGL.DefaultMenu     - createMenuBodyGameMenu()
17:46:29.772 [FXGL Background Thread 1 ] DEBUG FXGL.DefaultMenu     - createOptionsMenu()
17:46:29.777 [FXGL Background Thread 1 ] DEBUG AssetLoaderService   - Loading from file system: /assets/textures/particles/smoke.png
17:46:29.859 [FXGL Background Thread 1 ] DEBUG WindowService        - Application scenes initialized
17:46:29.866 [FXGL Background Thread 1 ] DEBUG SystemBundleService  - Loading FXGL system data
17:46:29.868 [FXGL Background Thread 1 ] DEBUG FileSystemAccess     - Reading from: /home/luke/dev/Pracitce Programs--Games/Pong/system/fxgl.bundle
17:46:29.874 [FXGL Background Thread 1 ] DEBUG SystemBundleService  - Bundle FXGL: {}
17:46:29.874 [FXGL Background Thread 1 ] INFO  Engine               - FXGL initialization took: 0.301 sec
17:46:29.876 [FXGL Background Thread 1 ] DEBUG GameApplication      - Loading localizations
17:46:29.876 [FXGL Background Thread 1 ] DEBUG AssetLoaderService   - Loading from file system: /assets/languages/english.lang
17:46:29.886 [FXGL Background Thread 1 ] DEBUG AssetLoaderService   - Loading from file system: /assets/languages/french.lang
17:46:29.888 [FXGL Background Thread 1 ] DEBUG AssetLoaderService   - Loading from file system: /assets/languages/german.lang
17:46:29.890 [FXGL Background Thread 1 ] DEBUG AssetLoaderService   - Loading from file system: /assets/languages/hungarian.lang
17:46:29.893 [FXGL Background Thread 1 ] DEBUG AssetLoaderService   - Loading from file system: /assets/languages/russian.lang
17:46:29.895 [FXGL Background Thread 1 ] DEBUG GameApplication      - Registering font factories with UI factory
17:46:29.896 [FXGL Background Thread 1 ] DEBUG AssetLoaderService   - Loading from file system: /assets/ui/fonts/VarelaRound-Regular.ttf
17:46:29.902 [FXGL Background Thread 1 ] DEBUG AssetLoaderService   - Loading from file system: /assets/ui/fonts/Abel-Regular.ttf
17:46:29.904 [FXGL Background Thread 1 ] DEBUG AssetLoaderService   - Loading from file system: /assets/ui/fonts/lucida_console.ttf
17:46:29.906 [FXGL Background Thread 1 ] DEBUG AssetLoaderService   - Loading from file system: /assets/ui/fonts/Courier-Prime.ttf
17:46:29.921 [JavaFX Application Thread] DEBUG Input                - Registered new binding: Up 1 - W
17:46:29.921 [JavaFX Application Thread] DEBUG Input                - Registered new binding: Down 1 - S
17:46:29.921 [JavaFX Application Thread] DEBUG AssetLoaderService   - Loading from file system: /assets/textures/fxgl_icon.png
17:46:29.988 [JavaFX Application Thread] DEBUG AssetLoaderService   - Loading from file system: /assets/ui/cursors/fxgl_default.png
17:46:29.991 [JavaFX Application Thread] DEBUG Input                - Registered new binding: Screenshot - P
17:46:29.991 [JavaFX Application Thread] DEBUG Input                - Registered new binding: System info dump - CTRL+9
17:46:29.991 [JavaFX Application Thread] DEBUG Input                - Registered new binding: Restart - CTRL+R
17:46:29.992 [JavaFX Application Thread] DEBUG LoopRunner           - Starting loop
17:46:30.017 [JavaFX Application Thread] DEBUG FXGLStartupScene     - STARTUP
17:46:30.017 [JavaFX Application Thread] DEBUG WindowService        - Starting new game
17:46:30.018 [JavaFX Application Thread] DEBUG Input                - Clearing active input actions
17:46:30.033 [JavaFX Application Thread] DEBUG WindowService        - Removing overlay from FXGLStartupScene and adding to FXGLLoadingScene
17:46:30.033 [JavaFX Application Thread] DEBUG MainWindow           - FXGLStartupScene -> FXGLLoadingScene
17:46:30.033 [JavaFX Application Thread] DEBUG WindowService        - Clearing previous game
17:46:30.033 [JavaFX Application Thread] DEBUG GameScene            - Clearing game scene
17:46:30.033 [JavaFX Application Thread] DEBUG GameWorld            - Clearing game world
17:46:30.034 [JavaFX Application Thread] DEBUG PhysicsWorld         - Clearing physics world
17:46:30.036 [FXGL Background Thread 1 ] DEBUG GameApplication      - Initializing game
17:46:30.051 [FXGL Background Thread 1 ] INFO  GameApplication      - Game initialization took: 0.016 sec
17:46:30.178 [JavaFX Application Thread] DEBUG Input                - Clearing active input actions
17:46:30.189 [JavaFX Application Thread] DEBUG WindowService        - Removing overlay from FXGLLoadingScene and adding to GameScene
17:46:30.190 [JavaFX Application Thread] DEBUG MainWindow           - FXGLLoadingScene -> GameScene
17:46:32.875 [FXGL Background Thread 2 ] DEBUG Engine               - Logging environment variables
17:46:32.877 [FXGL Background Thread 2 ] DEBUG Engine               - achievements: []
17:46:32.877 [FXGL Background Thread 2 ] DEBUG Engine               - appIcon: fxgl_icon.png
17:46:32.877 [FXGL Background Thread 2 ] DEBUG Engine               - applicationMode: DEVELOPER
17:46:32.877 [FXGL Background Thread 2 ] DEBUG Engine               - cSSList: [fxgl_dark.css]
17:46:32.877 [FXGL Background Thread 2 ] DEBUG Engine               - configClass: Optional.empty
17:46:32.878 [FXGL Background Thread 2 ] DEBUG Engine               - credits: []
17:46:32.878 [FXGL Background Thread 2 ] DEBUG Engine               - devBBoxColorProperty: ObjectProperty [value: 0xff0000ff]
17:46:32.878 [FXGL Background Thread 2 ] DEBUG Engine               - devSensorColorProperty: ObjectProperty [value: 0xffff00ff]
17:46:32.879 [FXGL Background Thread 2 ] DEBUG Engine               - devShowBBoxProperty: BooleanProperty [value: false]
17:46:32.879 [FXGL Background Thread 2 ] DEBUG Engine               - devShowPositionProperty: BooleanProperty [value: false]
17:46:32.879 [FXGL Background Thread 2 ] DEBUG Engine               - enabledMenuItems: []
17:46:32.879 [FXGL Background Thread 2 ] DEBUG Engine               - engineServices: [class com.almasb.fxgl.app.GameApplication$GameApplicationService, class com.almasb.fxgl.app.services.WindowService, class com.almasb.fxgl.app.services.FXGLDialogService, class com.almasb.fxgl.app.services.IOTaskExecutorService, class com.almasb.fxgl.event.EventBusService, class com.almasb.fxgl.io.FileSystemService, class com.almasb.fxgl.localization.LocalizationService, class com.almasb.fxgl.app.services.AssetLoaderService, class com.almasb.fxgl.app.services.SystemBundleService, class com.almasb.fxgl.profile.SaveLoadService, class com.almasb.fxgl.ui.FXGLUIFactoryServiceProvider, class com.almasb.fxgl.ui.FXGLDialogFactoryServiceProvider, class com.almasb.fxgl.audio.AudioPlayer, class com.almasb.fxgl.notification.impl.NotificationServiceProvider, class com.almasb.fxgl.achievement.AchievementService, class com.almasb.fxgl.cutscene.CutsceneService, class com.almasb.fxgl.minigames.MiniGameService, class com.almasb.fxgl.net.NetService, class com.almasb.fxgl.app.services.UpdaterService, class com.almasb.fxgl.dev.DevService]
17:46:32.879 [FXGL Background Thread 2 ] DEBUG Engine               - fontGame: Abel-Regular.ttf
17:46:32.880 [FXGL Background Thread 2 ] DEBUG Engine               - fontMono: lucida_console.ttf
17:46:32.880 [FXGL Background Thread 2 ] DEBUG Engine               - fontText: Courier-Prime.ttf
17:46:32.880 [FXGL Background Thread 2 ] DEBUG Engine               - fontUI: VarelaRound-Regular.ttf
17:46:32.880 [FXGL Background Thread 2 ] DEBUG Engine               - fullScreen: BooleanProperty [value: false]
17:46:32.881 [FXGL Background Thread 2 ] DEBUG Engine               - gameDifficulty: MEDIUM
17:46:32.881 [FXGL Background Thread 2 ] DEBUG Engine               - gameDifficultyProperty: ObjectProperty [value: MEDIUM]
17:46:32.881 [FXGL Background Thread 2 ] DEBUG Engine               - globalMusicVolume: 0.5
17:46:32.881 [FXGL Background Thread 2 ] DEBUG Engine               - globalMusicVolumeProperty: DoubleProperty [value: 0.5]
17:46:32.881 [FXGL Background Thread 2 ] DEBUG Engine               - globalSoundVolume: 0.5
17:46:32.881 [FXGL Background Thread 2 ] DEBUG Engine               - globalSoundVolumeProperty: DoubleProperty [value: 0.5]
17:46:32.881 [FXGL Background Thread 2 ] DEBUG Engine               - height: 600
17:46:32.882 [FXGL Background Thread 2 ] DEBUG Engine               - isAndroid: false
17:46:32.882 [FXGL Background Thread 2 ] DEBUG Engine               - isBrowser: false
17:46:32.882 [FXGL Background Thread 2 ] DEBUG Engine               - isClickFeedbackEnabled: false
17:46:32.882 [FXGL Background Thread 2 ] DEBUG Engine               - isCloseConfirmation: false
17:46:32.882 [FXGL Background Thread 2 ] DEBUG Engine               - isDesktop: true
17:46:32.882 [FXGL Background Thread 2 ] DEBUG Engine               - isDeveloperMenuEnabled: false
17:46:32.882 [FXGL Background Thread 2 ] DEBUG Engine               - isExperimentalNative: false
17:46:32.882 [FXGL Background Thread 2 ] DEBUG Engine               - isExperimentalTiledLargeMap: false
17:46:32.882 [FXGL Background Thread 2 ] DEBUG Engine               - isFullScreenAllowed: false
17:46:32.883 [FXGL Background Thread 2 ] DEBUG Engine               - isFullScreenFromStart: false
17:46:32.883 [FXGL Background Thread 2 ] DEBUG Engine               - isGameMenuEnabled: true
17:46:32.883 [FXGL Background Thread 2 ] DEBUG Engine               - isIOS: false
17:46:32.883 [FXGL Background Thread 2 ] DEBUG Engine               - isIntroEnabled: false
17:46:32.883 [FXGL Background Thread 2 ] DEBUG Engine               - isLinux: true
17:46:32.883 [FXGL Background Thread 2 ] DEBUG Engine               - isMac: false
17:46:32.883 [FXGL Background Thread 2 ] DEBUG Engine               - isMainMenuEnabled: false
17:46:32.883 [FXGL Background Thread 2 ] DEBUG Engine               - isManualResizeEnabled: false
17:46:32.883 [FXGL Background Thread 2 ] DEBUG Engine               - isMobile: false
17:46:32.883 [FXGL Background Thread 2 ] DEBUG Engine               - isPreserveResizeRatio: false
17:46:32.884 [FXGL Background Thread 2 ] DEBUG Engine               - isProfilingEnabled: false
17:46:32.884 [FXGL Background Thread 2 ] DEBUG Engine               - isSingleStep: false
17:46:32.884 [FXGL Background Thread 2 ] DEBUG Engine               - isUserProfileEnabled: false
17:46:32.884 [FXGL Background Thread 2 ] DEBUG Engine               - isWindows: false
17:46:32.884 [FXGL Background Thread 2 ] DEBUG Engine               - language: ObjectProperty [value: ENGLISH]
17:46:32.884 [FXGL Background Thread 2 ] DEBUG Engine               - mainWindow: com.almasb.fxgl.app.MainWindow@54e3bc8c
17:46:32.884 [FXGL Background Thread 2 ] DEBUG Engine               - menuKey: ESCAPE
17:46:32.884 [FXGL Background Thread 2 ] DEBUG Engine               - notificationViewClass: class com.almasb.fxgl.notification.view.XboxNotificationView
17:46:32.884 [FXGL Background Thread 2 ] DEBUG Engine               - pixelsPerMeter: 50.0
17:46:32.885 [FXGL Background Thread 2 ] DEBUG Engine               - platform: LINUX
17:46:32.885 [FXGL Background Thread 2 ] DEBUG Engine               - profileDir: profiles/
17:46:32.885 [FXGL Background Thread 2 ] DEBUG Engine               - profileName: StringProperty [value: DEFAULT]
17:46:32.885 [FXGL Background Thread 2 ] DEBUG Engine               - randomSeed: -1
17:46:32.885 [FXGL Background Thread 2 ] DEBUG Engine               - runtimeInfo: RuntimeInfo(platform=LINUX, version=11.9, build=27.05.2020 17.06)
17:46:32.885 [FXGL Background Thread 2 ] DEBUG Engine               - saveFileExt: sav
17:46:32.885 [FXGL Background Thread 2 ] DEBUG Engine               - sceneFactory: com.almasb.fxgl.app.scene.SceneFactory@50dc32c8
17:46:32.886 [FXGL Background Thread 2 ] DEBUG Engine               - secondsIn24h: 60
17:46:32.886 [FXGL Background Thread 2 ] DEBUG Engine               - settings: Title: Untitled
Version: 0.0
Width: 800
Height: 600
Fullscreen: false
Intro: false
Profiling: false
Single step:false
App Mode: DEVELOPER
Menu Key: ESCAPE
Stage Style: DECORATED
Scene Factory: class com.almasb.fxgl.app.scene.SceneFactory

17:46:32.886 [FXGL Background Thread 2 ] DEBUG Engine               - soundMenuBack: menu/back.wav
17:46:32.886 [FXGL Background Thread 2 ] DEBUG Engine               - soundMenuPress: menu/press.wav
17:46:32.886 [FXGL Background Thread 2 ] DEBUG Engine               - soundMenuSelect: menu/select.wav
17:46:32.886 [FXGL Background Thread 2 ] DEBUG Engine               - soundNotification: core/notification.wav
17:46:32.886 [FXGL Background Thread 2 ] DEBUG Engine               - stageStyle: DECORATED
17:46:32.886 [FXGL Background Thread 2 ] DEBUG Engine               - supportedLanguages: [ENGLISH, FRENCH, GERMAN, HUNGARIAN, RUSSIAN]
17:46:32.887 [FXGL Background Thread 2 ] DEBUG Engine               - title: Untitled
17:46:32.887 [FXGL Background Thread 2 ] DEBUG Engine               - urlGithub: https://github.com/AlmasB/FXGL
17:46:32.887 [FXGL Background Thread 2 ] DEBUG Engine               - urlLeaderboard: http://fxgl-top.herokuapp.com/
17:46:32.887 [FXGL Background Thread 2 ] DEBUG Engine               - urlPOM: https://raw.githubusercontent.com/AlmasB/FXGL/master/pom.xml
17:46:32.887 [FXGL Background Thread 2 ] DEBUG Engine               - version: 0.0
17:46:32.887 [FXGL Background Thread 2 ] DEBUG Engine               - versionCheckDays: 7
17:46:32.887 [FXGL Background Thread 2 ] DEBUG Engine               - width: 800
17:46:32.887 [FXGL Background Thread 2 ] DEBUG Engine               - Logging services
17:46:32.887 [FXGL Background Thread 2 ] DEBUG Engine               - class com.almasb.fxgl.app.GameApplication$GameApplicationService
17:46:32.887 [FXGL Background Thread 2 ] DEBUG Engine               - class com.almasb.fxgl.app.services.WindowService
17:46:32.888 [FXGL Background Thread 2 ] DEBUG Engine               - class com.almasb.fxgl.app.services.FXGLDialogService
17:46:32.888 [FXGL Background Thread 2 ] DEBUG Engine               - class com.almasb.fxgl.app.services.IOTaskExecutorService
17:46:32.888 [FXGL Background Thread 2 ] DEBUG Engine               - class com.almasb.fxgl.event.EventBusService
17:46:32.888 [FXGL Background Thread 2 ] DEBUG Engine               - class com.almasb.fxgl.io.FileSystemService
17:46:32.888 [FXGL Background Thread 2 ] DEBUG Engine               - class com.almasb.fxgl.localization.LocalizationService
17:46:32.888 [FXGL Background Thread 2 ] DEBUG Engine               - class com.almasb.fxgl.app.services.AssetLoaderService
17:46:32.888 [FXGL Background Thread 2 ] DEBUG Engine               - class com.almasb.fxgl.app.services.SystemBundleService
17:46:32.888 [FXGL Background Thread 2 ] DEBUG Engine               - class com.almasb.fxgl.profile.SaveLoadService
17:46:32.888 [FXGL Background Thread 2 ] DEBUG Engine               - class com.almasb.fxgl.ui.FXGLUIFactoryServiceProvider
17:46:32.888 [FXGL Background Thread 2 ] DEBUG Engine               - class com.almasb.fxgl.ui.FXGLDialogFactoryServiceProvider
17:46:32.889 [FXGL Background Thread 2 ] DEBUG Engine               - class com.almasb.fxgl.audio.AudioPlayer
17:46:32.889 [FXGL Background Thread 2 ] DEBUG Engine               - class com.almasb.fxgl.notification.impl.NotificationServiceProvider
17:46:32.889 [FXGL Background Thread 2 ] DEBUG Engine               - class com.almasb.fxgl.achievement.AchievementService
17:46:32.889 [FXGL Background Thread 2 ] DEBUG Engine               - class com.almasb.fxgl.cutscene.CutsceneService
17:46:32.889 [FXGL Background Thread 2 ] DEBUG Engine               - class com.almasb.fxgl.minigames.MiniGameService
17:46:32.889 [FXGL Background Thread 2 ] DEBUG Engine               - class com.almasb.fxgl.net.NetService
17:46:32.889 [FXGL Background Thread 2 ] DEBUG Engine               - class com.almasb.fxgl.app.services.UpdaterService
17:46:32.889 [FXGL Background Thread 2 ] DEBUG Engine               - class com.almasb.fxgl.dev.DevService
17:46:34.261 [JavaFX Application Thread] DEBUG MainWindow           - Push state: FXGLDefaultMenu
17:46:34.266 [JavaFX Application Thread] DEBUG Input                - Clearing active input actions
17:46:34.275 [JavaFX Application Thread] DEBUG WindowService        - Removing overlay from GameScene and adding to FXGLDefaultMenu
17:46:34.276 [JavaFX Application Thread] DEBUG MainWindow           - GameScene -> FXGLDefaultMenu
17:46:37.286 [JavaFX Application Thread] DEBUG Menu                 - createContentGameplay()
17:46:38.317 [JavaFX Application Thread] DEBUG Menu                 - createContentControls()
17:46:39.599 [JavaFX Application Thread] DEBUG Menu                 - createContentVideo()
17:46:40.532 [JavaFX Application Thread] DEBUG Menu                 - createContentAudio()
17:46:41.332 [JavaFX Application Thread] DEBUG MainWindow           - Push state: DialogSubScene
17:46:41.333 [JavaFX Application Thread] DEBUG Input                - Clearing active input actions
17:46:41.337 [JavaFX Application Thread] DEBUG WindowService        - Removing overlay from FXGLDefaultMenu and adding to DialogSubScene
17:46:41.337 [JavaFX Application Thread] DEBUG MainWindow           - FXGLDefaultMenu -> DialogSubScene
17:46:42.125 [JavaFX Application Thread] DEBUG MainWindow           - Pop state: DialogSubScene
17:46:42.125 [JavaFX Application Thread] DEBUG Input                - Clearing active input actions
17:46:42.125 [JavaFX Application Thread] DEBUG WindowService        - Removing overlay from DialogSubScene and adding to FXGLDefaultMenu
17:46:42.126 [JavaFX Application Thread] DEBUG MainWindow           - FXGLDefaultMenu <- DialogSubScene
17:46:45.756 [JavaFX Application Thread] DEBUG Menu                 - fireExit()
17:46:45.757 [JavaFX Application Thread] DEBUG MainWindow           - Push state: DialogSubScene
17:46:45.757 [JavaFX Application Thread] DEBUG Input                - Clearing active input actions
17:46:45.757 [JavaFX Application Thread] DEBUG WindowService        - Removing overlay from FXGLDefaultMenu and adding to DialogSubScene
17:46:45.757 [JavaFX Application Thread] DEBUG MainWindow           - FXGLDefaultMenu -> DialogSubScene
17:46:46.875 [JavaFX Application Thread] DEBUG MainWindow           - Pop state: DialogSubScene
17:46:46.875 [JavaFX Application Thread] DEBUG Input                - Clearing active input actions
17:46:46.876 [JavaFX Application Thread] DEBUG WindowService        - Removing overlay from DialogSubScene and adding to FXGLDefaultMenu
17:46:46.876 [JavaFX Application Thread] DEBUG MainWindow           - FXGLDefaultMenu <- DialogSubScene
17:46:46.877 [JavaFX Application Thread] DEBUG GameApplication      - Exiting FXGL
17:46:46.877 [JavaFX Application Thread] DEBUG LoopRunner           - Stopping loop
17:46:46.877 [JavaFX Application Thread] DEBUG SystemBundleService  - Saving FXGL system data
17:46:46.879 [JavaFX Application Thread] DEBUG FileSystemAccess     - Writing to: /home/luke/dev/Pracitce Programs--Games/Pong/system/fxgl.bundle
17:46:46.882 [JavaFX Application Thread] DEBUG GameApplication      - Shutting down background threads
17:46:46.883 [JavaFX Application Thread] DEBUG GameApplication      - Closing logger and exiting JavaFX
