14:13:07.342 [main                     ] DEBUG GameApplication      - Logger initialized
14:13:07.347 [main                     ] DEBUG GameApplication      - Logging settings
Title: Pong Game
Version: 0.0
Width: 800
Height: 600
Fullscreen: false
Intro: false
Profiling: false
Single step:false
App Mode: DEVELOPER
Menu Key: ESCAPE
Stage Style: DECORATED
Scene Factory: class com.almasb.fxgl.app.scene.SceneFactory

14:13:07.725 [JavaFX Application Thread] DEBUG GameApplication      - Initializing FXGL
14:13:07.733 [JavaFX Application Thread] INFO  Engine               - FXGL-11.9 (27.05.2020 17.06) on LINUX (J:14.0.2 FX:13.0.2)
14:13:07.733 [JavaFX Application Thread] DEBUG Engine               - JRE Vendor Name: Oracle Corporation
14:13:07.734 [JavaFX Application Thread] DEBUG Engine               - Running on OS: Linux version 5.3.0-51-generic
14:13:07.734 [JavaFX Application Thread] DEBUG Engine               - Architecture: amd64
14:13:07.734 [JavaFX Application Thread] INFO  Engine               - Source code and latest versions at: https://github.com/AlmasB/FXGL
14:13:07.735 [JavaFX Application Thread] INFO  Engine               -              Join the FXGL chat at: https://gitter.im/AlmasB/FXGL
14:13:07.829 [JavaFX Application Thread] DEBUG MainWindow           - Creating a JavaFX scene
14:13:07.889 [JavaFX Application Thread] DEBUG MainWindow           - Target settings size: 800.0 x 600.0
14:13:07.890 [JavaFX Application Thread] DEBUG MainWindow           - Scaled scene size:    800.0 x 600.0
14:13:07.890 [JavaFX Application Thread] DEBUG MainWindow           - Scaled ratio: (1.0, 1.0)
14:13:07.891 [JavaFX Application Thread] DEBUG MainWindow           - Set initial scene to FXGLStartupScene
14:13:07.895 [JavaFX Application Thread] DEBUG MainWindow           - Opening main window
14:13:07.972 [JavaFX Application Thread] DEBUG MainWindow           - Window border size: (2.0, 29.0)
14:13:07.972 [JavaFX Application Thread] DEBUG MainWindow           - Scaled size: 800.0 x 600.0
14:13:07.972 [JavaFX Application Thread] DEBUG MainWindow           - Scaled ratio: (1.0, 1.0)
14:13:07.972 [JavaFX Application Thread] DEBUG MainWindow           - Scene size: 800.0 x 600.0
14:13:07.973 [JavaFX Application Thread] DEBUG MainWindow           - Stage size: 802.0 x 629.0
14:13:07.981 [FXGL Background Thread 1 ] DEBUG Engine               - Initializing environment variables
14:13:08.002 [FXGL Background Thread 1 ] DEBUG WindowService        - Applying CSS: fxgl_dark.css
14:13:08.002 [FXGL Background Thread 1 ] DEBUG AssetLoaderService   - Loading from file system: /assets/ui/css/fxgl_dark.css
14:13:08.041 [FXGL Background Thread 1 ] DEBUG WindowService        - Initializing application scenes
14:13:08.067 [FXGL Background Thread 1 ] DEBUG GameWorld            - Game world initialized
14:13:08.091 [FXGL Background Thread 1 ] DEBUG PhysicsWorld         - Physics world initialized: appHeight=600, physics.ppm=50.0
14:13:08.092 [FXGL Background Thread 1 ] DEBUG GameScene            - Game scene initialized: 800x600
14:13:08.114 [FXGL Background Thread 1 ] DEBUG AssetLoaderService   - Loading from file system: /assets/textures/particles/trace_horizontal.png
14:13:08.163 [FXGL Background Thread 1 ] DEBUG FXGL.DefaultMenu     - createMenuBodyGameMenu()
14:13:08.180 [FXGL Background Thread 1 ] DEBUG FXGL.DefaultMenu     - createOptionsMenu()
14:13:08.186 [FXGL Background Thread 1 ] DEBUG AssetLoaderService   - Loading from file system: /assets/textures/particles/smoke.png
14:13:08.249 [FXGL Background Thread 1 ] DEBUG WindowService        - Application scenes initialized
14:13:08.259 [FXGL Background Thread 1 ] DEBUG SystemBundleService  - Loading default FXGL system data
14:13:08.260 [FXGL Background Thread 1 ] INFO  Engine               - FXGL initialization took: 0.276 sec
14:13:08.261 [FXGL Background Thread 1 ] DEBUG GameApplication      - Loading localizations
14:13:08.262 [FXGL Background Thread 1 ] DEBUG AssetLoaderService   - Loading from file system: /assets/languages/english.lang
14:13:08.272 [FXGL Background Thread 1 ] DEBUG AssetLoaderService   - Loading from file system: /assets/languages/french.lang
14:13:08.274 [FXGL Background Thread 1 ] DEBUG AssetLoaderService   - Loading from file system: /assets/languages/german.lang
14:13:08.276 [FXGL Background Thread 1 ] DEBUG AssetLoaderService   - Loading from file system: /assets/languages/hungarian.lang
14:13:08.281 [FXGL Background Thread 1 ] DEBUG AssetLoaderService   - Loading from file system: /assets/languages/russian.lang
14:13:08.283 [FXGL Background Thread 1 ] DEBUG GameApplication      - Registering font factories with UI factory
14:13:08.283 [FXGL Background Thread 1 ] DEBUG AssetLoaderService   - Loading from file system: /assets/ui/fonts/VarelaRound-Regular.ttf
14:13:08.294 [FXGL Background Thread 1 ] DEBUG AssetLoaderService   - Loading from file system: /assets/ui/fonts/Abel-Regular.ttf
14:13:08.296 [FXGL Background Thread 1 ] DEBUG AssetLoaderService   - Loading from file system: /assets/ui/fonts/lucida_console.ttf
14:13:08.298 [FXGL Background Thread 1 ] DEBUG AssetLoaderService   - Loading from file system: /assets/ui/fonts/Courier-Prime.ttf
14:13:08.321 [JavaFX Application Thread] DEBUG Input                - Registered new binding: Up 1 - W
14:13:08.321 [JavaFX Application Thread] DEBUG Input                - Registered new binding: Down 1 - S
14:13:08.322 [JavaFX Application Thread] DEBUG Input                - Registered new binding: Up 2 - Up
14:13:08.322 [JavaFX Application Thread] DEBUG Input                - Registered new binding: Down 2 - Down
14:13:08.322 [JavaFX Application Thread] DEBUG AssetLoaderService   - Loading from file system: /assets/textures/fxgl_icon.png
14:13:08.351 [JavaFX Application Thread] DEBUG AssetLoaderService   - Loading from file system: /assets/ui/cursors/fxgl_default.png
14:13:08.353 [JavaFX Application Thread] DEBUG Input                - Registered new binding: Screenshot - P
14:13:08.354 [JavaFX Application Thread] DEBUG Input                - Registered new binding: System info dump - CTRL+9
14:13:08.354 [JavaFX Application Thread] DEBUG Input                - Registered new binding: Restart - CTRL+R
14:13:08.355 [JavaFX Application Thread] DEBUG LoopRunner           - Starting loop
14:13:08.366 [JavaFX Application Thread] DEBUG FXGLStartupScene     - STARTUP
14:13:08.366 [JavaFX Application Thread] DEBUG WindowService        - Starting new game
14:13:08.366 [JavaFX Application Thread] DEBUG Input                - Clearing active input actions
14:13:08.379 [JavaFX Application Thread] DEBUG WindowService        - Removing overlay from FXGLStartupScene and adding to FXGLLoadingScene
14:13:08.379 [JavaFX Application Thread] DEBUG MainWindow           - FXGLStartupScene -> FXGLLoadingScene
14:13:08.379 [JavaFX Application Thread] DEBUG WindowService        - Clearing previous game
14:13:08.379 [JavaFX Application Thread] DEBUG GameScene            - Clearing game scene
14:13:08.379 [JavaFX Application Thread] DEBUG GameWorld            - Clearing game world
14:13:08.379 [JavaFX Application Thread] DEBUG PhysicsWorld         - Clearing physics world
14:13:08.380 [FXGL Background Thread 1 ] DEBUG GameApplication      - Initializing game
14:13:08.397 [FXGL Background Thread 1 ] INFO  GameApplication      - Game initialization took: 0.017 sec
14:13:08.497 [JavaFX Application Thread] DEBUG Input                - Clearing active input actions
14:13:08.510 [JavaFX Application Thread] DEBUG WindowService        - Removing overlay from FXGLLoadingScene and adding to GameScene
14:13:08.511 [JavaFX Application Thread] DEBUG MainWindow           - FXGLLoadingScene -> GameScene
14:13:11.261 [FXGL Background Thread 2 ] DEBUG Engine               - Logging environment variables
14:13:11.262 [FXGL Background Thread 2 ] DEBUG Engine               - achievements: []
14:13:11.262 [FXGL Background Thread 2 ] DEBUG Engine               - appIcon: fxgl_icon.png
14:13:11.263 [FXGL Background Thread 2 ] DEBUG Engine               - applicationMode: DEVELOPER
14:13:11.263 [FXGL Background Thread 2 ] DEBUG Engine               - cSSList: [fxgl_dark.css]
14:13:11.263 [FXGL Background Thread 2 ] DEBUG Engine               - configClass: Optional.empty
14:13:11.264 [FXGL Background Thread 2 ] DEBUG Engine               - credits: []
14:13:11.264 [FXGL Background Thread 2 ] DEBUG Engine               - devBBoxColorProperty: ObjectProperty [value: 0xff0000ff]
14:13:11.265 [FXGL Background Thread 2 ] DEBUG Engine               - devSensorColorProperty: ObjectProperty [value: 0xffff00ff]
14:13:11.265 [FXGL Background Thread 2 ] DEBUG Engine               - devShowBBoxProperty: BooleanProperty [value: false]
14:13:11.265 [FXGL Background Thread 2 ] DEBUG Engine               - devShowPositionProperty: BooleanProperty [value: false]
14:13:11.266 [FXGL Background Thread 2 ] DEBUG Engine               - enabledMenuItems: []
14:13:11.266 [FXGL Background Thread 2 ] DEBUG Engine               - engineServices: [class com.almasb.fxgl.app.GameApplication$GameApplicationService, class com.almasb.fxgl.app.services.WindowService, class com.almasb.fxgl.app.services.FXGLDialogService, class com.almasb.fxgl.app.services.IOTaskExecutorService, class com.almasb.fxgl.event.EventBusService, class com.almasb.fxgl.io.FileSystemService, class com.almasb.fxgl.localization.LocalizationService, class com.almasb.fxgl.app.services.AssetLoaderService, class com.almasb.fxgl.app.services.SystemBundleService, class com.almasb.fxgl.profile.SaveLoadService, class com.almasb.fxgl.ui.FXGLUIFactoryServiceProvider, class com.almasb.fxgl.ui.FXGLDialogFactoryServiceProvider, class com.almasb.fxgl.audio.AudioPlayer, class com.almasb.fxgl.notification.impl.NotificationServiceProvider, class com.almasb.fxgl.achievement.AchievementService, class com.almasb.fxgl.cutscene.CutsceneService, class com.almasb.fxgl.minigames.MiniGameService, class com.almasb.fxgl.net.NetService, class com.almasb.fxgl.app.services.UpdaterService, class com.almasb.fxgl.dev.DevService]
14:13:11.266 [FXGL Background Thread 2 ] DEBUG Engine               - fontGame: Abel-Regular.ttf
14:13:11.267 [FXGL Background Thread 2 ] DEBUG Engine               - fontMono: lucida_console.ttf
14:13:11.267 [FXGL Background Thread 2 ] DEBUG Engine               - fontText: Courier-Prime.ttf
14:13:11.267 [FXGL Background Thread 2 ] DEBUG Engine               - fontUI: VarelaRound-Regular.ttf
14:13:11.267 [FXGL Background Thread 2 ] DEBUG Engine               - fullScreen: BooleanProperty [value: false]
14:13:11.267 [FXGL Background Thread 2 ] DEBUG Engine               - gameDifficulty: MEDIUM
14:13:11.268 [FXGL Background Thread 2 ] DEBUG Engine               - gameDifficultyProperty: ObjectProperty [value: MEDIUM]
14:13:11.268 [FXGL Background Thread 2 ] DEBUG Engine               - globalMusicVolume: 0.5
14:13:11.268 [FXGL Background Thread 2 ] DEBUG Engine               - globalMusicVolumeProperty: DoubleProperty [value: 0.5]
14:13:11.268 [FXGL Background Thread 2 ] DEBUG Engine               - globalSoundVolume: 0.5
14:13:11.269 [FXGL Background Thread 2 ] DEBUG Engine               - globalSoundVolumeProperty: DoubleProperty [value: 0.5]
14:13:11.269 [FXGL Background Thread 2 ] DEBUG Engine               - height: 600
14:13:11.269 [FXGL Background Thread 2 ] DEBUG Engine               - isAndroid: false
14:13:11.269 [FXGL Background Thread 2 ] DEBUG Engine               - isBrowser: false
14:13:11.269 [FXGL Background Thread 2 ] DEBUG Engine               - isClickFeedbackEnabled: false
14:13:11.269 [FXGL Background Thread 2 ] DEBUG Engine               - isCloseConfirmation: false
14:13:11.269 [FXGL Background Thread 2 ] DEBUG Engine               - isDesktop: true
14:13:11.269 [FXGL Background Thread 2 ] DEBUG Engine               - isDeveloperMenuEnabled: false
14:13:11.269 [FXGL Background Thread 2 ] DEBUG Engine               - isExperimentalNative: false
14:13:11.270 [FXGL Background Thread 2 ] DEBUG Engine               - isExperimentalTiledLargeMap: false
14:13:11.270 [FXGL Background Thread 2 ] DEBUG Engine               - isFullScreenAllowed: false
14:13:11.270 [FXGL Background Thread 2 ] DEBUG Engine               - isFullScreenFromStart: false
14:13:11.270 [FXGL Background Thread 2 ] DEBUG Engine               - isGameMenuEnabled: true
14:13:11.270 [FXGL Background Thread 2 ] DEBUG Engine               - isIOS: false
14:13:11.270 [FXGL Background Thread 2 ] DEBUG Engine               - isIntroEnabled: false
14:13:11.270 [FXGL Background Thread 2 ] DEBUG Engine               - isLinux: true
14:13:11.270 [FXGL Background Thread 2 ] DEBUG Engine               - isMac: false
14:13:11.270 [FXGL Background Thread 2 ] DEBUG Engine               - isMainMenuEnabled: false
14:13:11.270 [FXGL Background Thread 2 ] DEBUG Engine               - isManualResizeEnabled: false
14:13:11.270 [FXGL Background Thread 2 ] DEBUG Engine               - isMobile: false
14:13:11.271 [FXGL Background Thread 2 ] DEBUG Engine               - isPreserveResizeRatio: false
14:13:11.271 [FXGL Background Thread 2 ] DEBUG Engine               - isProfilingEnabled: false
14:13:11.271 [FXGL Background Thread 2 ] DEBUG Engine               - isSingleStep: false
14:13:11.271 [FXGL Background Thread 2 ] DEBUG Engine               - isUserProfileEnabled: false
14:13:11.271 [FXGL Background Thread 2 ] DEBUG Engine               - isWindows: false
14:13:11.271 [FXGL Background Thread 2 ] DEBUG Engine               - language: ObjectProperty [value: ENGLISH]
14:13:11.271 [FXGL Background Thread 2 ] DEBUG Engine               - mainWindow: com.almasb.fxgl.app.MainWindow@4ed842d9
14:13:11.272 [FXGL Background Thread 2 ] DEBUG Engine               - menuKey: ESCAPE
14:13:11.272 [FXGL Background Thread 2 ] DEBUG Engine               - notificationViewClass: class com.almasb.fxgl.notification.view.XboxNotificationView
14:13:11.272 [FXGL Background Thread 2 ] DEBUG Engine               - pixelsPerMeter: 50.0
14:13:11.272 [FXGL Background Thread 2 ] DEBUG Engine               - platform: LINUX
14:13:11.272 [FXGL Background Thread 2 ] DEBUG Engine               - profileDir: profiles/
14:13:11.272 [FXGL Background Thread 2 ] DEBUG Engine               - profileName: StringProperty [value: DEFAULT]
14:13:11.272 [FXGL Background Thread 2 ] DEBUG Engine               - randomSeed: -1
14:13:11.273 [FXGL Background Thread 2 ] DEBUG Engine               - runtimeInfo: RuntimeInfo(platform=LINUX, version=11.9, build=27.05.2020 17.06)
14:13:11.273 [FXGL Background Thread 2 ] DEBUG Engine               - saveFileExt: sav
14:13:11.273 [FXGL Background Thread 2 ] DEBUG Engine               - sceneFactory: com.almasb.fxgl.app.scene.SceneFactory@4ae7cfda
14:13:11.273 [FXGL Background Thread 2 ] DEBUG Engine               - secondsIn24h: 60
14:13:11.273 [FXGL Background Thread 2 ] DEBUG Engine               - settings: Title: Pong Game
Version: 0.0
Width: 800
Height: 600
Fullscreen: false
Intro: false
Profiling: false
Single step:false
App Mode: DEVELOPER
Menu Key: ESCAPE
Stage Style: DECORATED
Scene Factory: class com.almasb.fxgl.app.scene.SceneFactory

14:13:11.273 [FXGL Background Thread 2 ] DEBUG Engine               - soundMenuBack: menu/back.wav
14:13:11.273 [FXGL Background Thread 2 ] DEBUG Engine               - soundMenuPress: menu/press.wav
14:13:11.274 [FXGL Background Thread 2 ] DEBUG Engine               - soundMenuSelect: menu/select.wav
14:13:11.274 [FXGL Background Thread 2 ] DEBUG Engine               - soundNotification: core/notification.wav
14:13:11.274 [FXGL Background Thread 2 ] DEBUG Engine               - stageStyle: DECORATED
14:13:11.274 [FXGL Background Thread 2 ] DEBUG Engine               - supportedLanguages: [ENGLISH, FRENCH, GERMAN, HUNGARIAN, RUSSIAN]
14:13:11.274 [FXGL Background Thread 2 ] DEBUG Engine               - title: Pong Game
14:13:11.274 [FXGL Background Thread 2 ] DEBUG Engine               - urlGithub: https://github.com/AlmasB/FXGL
14:13:11.274 [FXGL Background Thread 2 ] DEBUG Engine               - urlLeaderboard: http://fxgl-top.herokuapp.com/
14:13:11.274 [FXGL Background Thread 2 ] DEBUG Engine               - urlPOM: https://raw.githubusercontent.com/AlmasB/FXGL/master/pom.xml
14:13:11.274 [FXGL Background Thread 2 ] DEBUG Engine               - version: 0.0
14:13:11.275 [FXGL Background Thread 2 ] DEBUG Engine               - versionCheckDays: 7
14:13:11.275 [FXGL Background Thread 2 ] DEBUG Engine               - width: 800
14:13:11.275 [FXGL Background Thread 2 ] DEBUG Engine               - Logging services
14:13:11.275 [FXGL Background Thread 2 ] DEBUG Engine               - class com.almasb.fxgl.app.GameApplication$GameApplicationService
14:13:11.275 [FXGL Background Thread 2 ] DEBUG Engine               - class com.almasb.fxgl.app.services.WindowService
14:13:11.275 [FXGL Background Thread 2 ] DEBUG Engine               - class com.almasb.fxgl.app.services.FXGLDialogService
14:13:11.275 [FXGL Background Thread 2 ] DEBUG Engine               - class com.almasb.fxgl.app.services.IOTaskExecutorService
14:13:11.275 [FXGL Background Thread 2 ] DEBUG Engine               - class com.almasb.fxgl.event.EventBusService
14:13:11.275 [FXGL Background Thread 2 ] DEBUG Engine               - class com.almasb.fxgl.io.FileSystemService
14:13:11.276 [FXGL Background Thread 2 ] DEBUG Engine               - class com.almasb.fxgl.localization.LocalizationService
14:13:11.276 [FXGL Background Thread 2 ] DEBUG Engine               - class com.almasb.fxgl.app.services.AssetLoaderService
14:13:11.276 [FXGL Background Thread 2 ] DEBUG Engine               - class com.almasb.fxgl.app.services.SystemBundleService
14:13:11.276 [FXGL Background Thread 2 ] DEBUG Engine               - class com.almasb.fxgl.profile.SaveLoadService
14:13:11.276 [FXGL Background Thread 2 ] DEBUG Engine               - class com.almasb.fxgl.ui.FXGLUIFactoryServiceProvider
14:13:11.276 [FXGL Background Thread 2 ] DEBUG Engine               - class com.almasb.fxgl.ui.FXGLDialogFactoryServiceProvider
14:13:11.276 [FXGL Background Thread 2 ] DEBUG Engine               - class com.almasb.fxgl.audio.AudioPlayer
14:13:11.276 [FXGL Background Thread 2 ] DEBUG Engine               - class com.almasb.fxgl.notification.impl.NotificationServiceProvider
14:13:11.276 [FXGL Background Thread 2 ] DEBUG Engine               - class com.almasb.fxgl.achievement.AchievementService
14:13:11.276 [FXGL Background Thread 2 ] DEBUG Engine               - class com.almasb.fxgl.cutscene.CutsceneService
14:13:11.277 [FXGL Background Thread 2 ] DEBUG Engine               - class com.almasb.fxgl.minigames.MiniGameService
14:13:11.277 [FXGL Background Thread 2 ] DEBUG Engine               - class com.almasb.fxgl.net.NetService
14:13:11.277 [FXGL Background Thread 2 ] DEBUG Engine               - class com.almasb.fxgl.app.services.UpdaterService
14:13:11.277 [FXGL Background Thread 2 ] DEBUG Engine               - class com.almasb.fxgl.dev.DevService
14:13:26.275 [JavaFX Application Thread] DEBUG GameApplication      - Exiting FXGL
14:13:26.275 [JavaFX Application Thread] DEBUG LoopRunner           - Stopping loop
14:13:26.276 [JavaFX Application Thread] DEBUG SystemBundleService  - Saving FXGL system data
14:13:26.278 [JavaFX Application Thread] DEBUG FileSystemAccess     - Writing to: /home/luke/dev/Pracitce Programs--Games/Pong/system/fxgl.bundle
14:13:26.286 [JavaFX Application Thread] DEBUG GameApplication      - Shutting down background threads
14:13:26.286 [JavaFX Application Thread] DEBUG GameApplication      - Closing logger and exiting JavaFX
