14:14:39.631 [main                     ] DEBUG GameApplication      - Logger initialized
14:14:39.636 [main                     ] DEBUG GameApplication      - Logging settings
Title: Pong Game
Version: 0.0
Width: 800
Height: 600
Fullscreen: false
Intro: false
Profiling: false
Single step:false
App Mode: DEVELOPER
Menu Key: ESCAPE
Stage Style: DECORATED
Scene Factory: class com.almasb.fxgl.app.scene.SceneFactory

14:14:40.008 [JavaFX Application Thread] DEBUG GameApplication      - Initializing FXGL
14:14:40.016 [JavaFX Application Thread] INFO  Engine               - FXGL-11.9 (27.05.2020 17.06) on LINUX (J:14.0.2 FX:13.0.2)
14:14:40.016 [JavaFX Application Thread] DEBUG Engine               - JRE Vendor Name: Oracle Corporation
14:14:40.017 [JavaFX Application Thread] DEBUG Engine               - Running on OS: Linux version 5.3.0-51-generic
14:14:40.017 [JavaFX Application Thread] DEBUG Engine               - Architecture: amd64
14:14:40.017 [JavaFX Application Thread] INFO  Engine               - Source code and latest versions at: https://github.com/AlmasB/FXGL
14:14:40.018 [JavaFX Application Thread] INFO  Engine               -              Join the FXGL chat at: https://gitter.im/AlmasB/FXGL
14:14:40.108 [JavaFX Application Thread] DEBUG MainWindow           - Creating a JavaFX scene
14:14:40.165 [JavaFX Application Thread] DEBUG MainWindow           - Target settings size: 800.0 x 600.0
14:14:40.165 [JavaFX Application Thread] DEBUG MainWindow           - Scaled scene size:    800.0 x 600.0
14:14:40.165 [JavaFX Application Thread] DEBUG MainWindow           - Scaled ratio: (1.0, 1.0)
14:14:40.166 [JavaFX Application Thread] DEBUG MainWindow           - Set initial scene to FXGLStartupScene
14:14:40.170 [JavaFX Application Thread] DEBUG MainWindow           - Opening main window
14:14:40.200 [JavaFX Application Thread] DEBUG MainWindow           - Window border size: (2.0, 29.0)
14:14:40.200 [JavaFX Application Thread] DEBUG MainWindow           - Scaled size: 800.0 x 600.0
14:14:40.200 [JavaFX Application Thread] DEBUG MainWindow           - Scaled ratio: (1.0, 1.0)
14:14:40.201 [JavaFX Application Thread] DEBUG MainWindow           - Scene size: 800.0 x 600.0
14:14:40.201 [JavaFX Application Thread] DEBUG MainWindow           - Stage size: 802.0 x 629.0
14:14:40.207 [FXGL Background Thread 1 ] DEBUG Engine               - Initializing environment variables
14:14:40.226 [FXGL Background Thread 1 ] DEBUG WindowService        - Applying CSS: fxgl_dark.css
14:14:40.226 [FXGL Background Thread 1 ] DEBUG AssetLoaderService   - Loading from file system: /assets/ui/css/fxgl_dark.css
14:14:40.273 [FXGL Background Thread 1 ] DEBUG WindowService        - Initializing application scenes
14:14:40.309 [FXGL Background Thread 1 ] DEBUG GameWorld            - Game world initialized
14:14:40.338 [FXGL Background Thread 1 ] DEBUG PhysicsWorld         - Physics world initialized: appHeight=600, physics.ppm=50.0
14:14:40.340 [FXGL Background Thread 1 ] DEBUG GameScene            - Game scene initialized: 800x600
14:14:40.359 [FXGL Background Thread 1 ] DEBUG AssetLoaderService   - Loading from file system: /assets/textures/particles/trace_horizontal.png
14:14:40.455 [FXGL Background Thread 1 ] DEBUG FXGL.DefaultMenu     - createMenuBodyGameMenu()
14:14:40.469 [FXGL Background Thread 1 ] DEBUG FXGL.DefaultMenu     - createOptionsMenu()
14:14:40.477 [FXGL Background Thread 1 ] DEBUG AssetLoaderService   - Loading from file system: /assets/textures/particles/smoke.png
14:14:40.547 [FXGL Background Thread 1 ] DEBUG WindowService        - Application scenes initialized
14:14:40.557 [FXGL Background Thread 1 ] DEBUG SystemBundleService  - Loading FXGL system data
14:14:40.561 [FXGL Background Thread 1 ] DEBUG FileSystemAccess     - Reading from: /home/luke/dev/Pracitce Programs--Games/Pong/system/fxgl.bundle
14:14:40.569 [FXGL Background Thread 1 ] DEBUG SystemBundleService  - Bundle FXGL: {}
14:14:40.569 [FXGL Background Thread 1 ] INFO  Engine               - FXGL initialization took: 0.360 sec
14:14:40.571 [FXGL Background Thread 1 ] DEBUG GameApplication      - Loading localizations
14:14:40.571 [FXGL Background Thread 1 ] DEBUG AssetLoaderService   - Loading from file system: /assets/languages/english.lang
14:14:40.584 [FXGL Background Thread 1 ] DEBUG AssetLoaderService   - Loading from file system: /assets/languages/french.lang
14:14:40.586 [FXGL Background Thread 1 ] DEBUG AssetLoaderService   - Loading from file system: /assets/languages/german.lang
14:14:40.588 [FXGL Background Thread 1 ] DEBUG AssetLoaderService   - Loading from file system: /assets/languages/hungarian.lang
14:14:40.593 [FXGL Background Thread 1 ] DEBUG AssetLoaderService   - Loading from file system: /assets/languages/russian.lang
14:14:40.597 [FXGL Background Thread 1 ] DEBUG GameApplication      - Registering font factories with UI factory
14:14:40.597 [FXGL Background Thread 1 ] DEBUG AssetLoaderService   - Loading from file system: /assets/ui/fonts/VarelaRound-Regular.ttf
14:14:40.604 [FXGL Background Thread 1 ] DEBUG AssetLoaderService   - Loading from file system: /assets/ui/fonts/Abel-Regular.ttf
14:14:40.605 [FXGL Background Thread 1 ] DEBUG AssetLoaderService   - Loading from file system: /assets/ui/fonts/lucida_console.ttf
14:14:40.608 [FXGL Background Thread 1 ] DEBUG AssetLoaderService   - Loading from file system: /assets/ui/fonts/Courier-Prime.ttf
14:14:40.622 [JavaFX Application Thread] DEBUG Input                - Registered new binding: Up 1 - W
14:14:40.622 [JavaFX Application Thread] DEBUG Input                - Registered new binding: Down 1 - S
14:14:40.622 [JavaFX Application Thread] DEBUG Input                - Registered new binding: Up 2 - Up
14:14:40.623 [JavaFX Application Thread] DEBUG Input                - Registered new binding: Down 2 - Down
14:14:40.623 [JavaFX Application Thread] DEBUG AssetLoaderService   - Loading from file system: /assets/textures/fxgl_icon.png
14:14:40.663 [JavaFX Application Thread] DEBUG AssetLoaderService   - Loading from file system: /assets/ui/cursors/fxgl_default.png
14:14:40.668 [JavaFX Application Thread] DEBUG Input                - Registered new binding: Screenshot - P
14:14:40.669 [JavaFX Application Thread] DEBUG Input                - Registered new binding: System info dump - CTRL+9
14:14:40.669 [JavaFX Application Thread] DEBUG Input                - Registered new binding: Restart - CTRL+R
14:14:40.670 [JavaFX Application Thread] DEBUG LoopRunner           - Starting loop
14:14:40.678 [JavaFX Application Thread] DEBUG FXGLStartupScene     - STARTUP
14:14:40.678 [JavaFX Application Thread] DEBUG WindowService        - Starting new game
14:14:40.678 [JavaFX Application Thread] DEBUG Input                - Clearing active input actions
14:14:40.688 [JavaFX Application Thread] DEBUG WindowService        - Removing overlay from FXGLStartupScene and adding to FXGLLoadingScene
14:14:40.689 [JavaFX Application Thread] DEBUG MainWindow           - FXGLStartupScene -> FXGLLoadingScene
14:14:40.689 [JavaFX Application Thread] DEBUG WindowService        - Clearing previous game
14:14:40.689 [JavaFX Application Thread] DEBUG GameScene            - Clearing game scene
14:14:40.689 [JavaFX Application Thread] DEBUG GameWorld            - Clearing game world
14:14:40.689 [JavaFX Application Thread] DEBUG PhysicsWorld         - Clearing physics world
14:14:40.690 [FXGL Background Thread 1 ] DEBUG GameApplication      - Initializing game
14:14:40.706 [FXGL Background Thread 1 ] INFO  GameApplication      - Game initialization took: 0.015 sec
14:14:40.768 [JavaFX Application Thread] DEBUG Input                - Clearing active input actions
14:14:40.782 [JavaFX Application Thread] DEBUG WindowService        - Removing overlay from FXGLLoadingScene and adding to GameScene
14:14:40.782 [JavaFX Application Thread] DEBUG MainWindow           - FXGLLoadingScene -> GameScene
14:14:43.570 [FXGL Background Thread 2 ] DEBUG Engine               - Logging environment variables
14:14:43.571 [FXGL Background Thread 2 ] DEBUG Engine               - achievements: []
14:14:43.572 [FXGL Background Thread 2 ] DEBUG Engine               - appIcon: fxgl_icon.png
14:14:43.572 [FXGL Background Thread 2 ] DEBUG Engine               - applicationMode: DEVELOPER
14:14:43.572 [FXGL Background Thread 2 ] DEBUG Engine               - cSSList: [fxgl_dark.css]
14:14:43.573 [FXGL Background Thread 2 ] DEBUG Engine               - configClass: Optional.empty
14:14:43.573 [FXGL Background Thread 2 ] DEBUG Engine               - credits: []
14:14:43.573 [FXGL Background Thread 2 ] DEBUG Engine               - devBBoxColorProperty: ObjectProperty [value: 0xff0000ff]
14:14:43.574 [FXGL Background Thread 2 ] DEBUG Engine               - devSensorColorProperty: ObjectProperty [value: 0xffff00ff]
14:14:43.574 [FXGL Background Thread 2 ] DEBUG Engine               - devShowBBoxProperty: BooleanProperty [value: false]
14:14:43.574 [FXGL Background Thread 2 ] DEBUG Engine               - devShowPositionProperty: BooleanProperty [value: false]
14:14:43.574 [FXGL Background Thread 2 ] DEBUG Engine               - enabledMenuItems: []
14:14:43.575 [FXGL Background Thread 2 ] DEBUG Engine               - engineServices: [class com.almasb.fxgl.app.GameApplication$GameApplicationService, class com.almasb.fxgl.app.services.WindowService, class com.almasb.fxgl.app.services.FXGLDialogService, class com.almasb.fxgl.app.services.IOTaskExecutorService, class com.almasb.fxgl.event.EventBusService, class com.almasb.fxgl.io.FileSystemService, class com.almasb.fxgl.localization.LocalizationService, class com.almasb.fxgl.app.services.AssetLoaderService, class com.almasb.fxgl.app.services.SystemBundleService, class com.almasb.fxgl.profile.SaveLoadService, class com.almasb.fxgl.ui.FXGLUIFactoryServiceProvider, class com.almasb.fxgl.ui.FXGLDialogFactoryServiceProvider, class com.almasb.fxgl.audio.AudioPlayer, class com.almasb.fxgl.notification.impl.NotificationServiceProvider, class com.almasb.fxgl.achievement.AchievementService, class com.almasb.fxgl.cutscene.CutsceneService, class com.almasb.fxgl.minigames.MiniGameService, class com.almasb.fxgl.net.NetService, class com.almasb.fxgl.app.services.UpdaterService, class com.almasb.fxgl.dev.DevService]
14:14:43.575 [FXGL Background Thread 2 ] DEBUG Engine               - fontGame: Abel-Regular.ttf
14:14:43.575 [FXGL Background Thread 2 ] DEBUG Engine               - fontMono: lucida_console.ttf
14:14:43.575 [FXGL Background Thread 2 ] DEBUG Engine               - fontText: Courier-Prime.ttf
14:14:43.576 [FXGL Background Thread 2 ] DEBUG Engine               - fontUI: VarelaRound-Regular.ttf
14:14:43.576 [FXGL Background Thread 2 ] DEBUG Engine               - fullScreen: BooleanProperty [value: false]
14:14:43.576 [FXGL Background Thread 2 ] DEBUG Engine               - gameDifficulty: MEDIUM
14:14:43.576 [FXGL Background Thread 2 ] DEBUG Engine               - gameDifficultyProperty: ObjectProperty [value: MEDIUM]
14:14:43.577 [FXGL Background Thread 2 ] DEBUG Engine               - globalMusicVolume: 0.5
14:14:43.577 [FXGL Background Thread 2 ] DEBUG Engine               - globalMusicVolumeProperty: DoubleProperty [value: 0.5]
14:14:43.577 [FXGL Background Thread 2 ] DEBUG Engine               - globalSoundVolume: 0.5
14:14:43.577 [FXGL Background Thread 2 ] DEBUG Engine               - globalSoundVolumeProperty: DoubleProperty [value: 0.5]
14:14:43.578 [FXGL Background Thread 2 ] DEBUG Engine               - height: 600
14:14:43.578 [FXGL Background Thread 2 ] DEBUG Engine               - isAndroid: false
14:14:43.578 [FXGL Background Thread 2 ] DEBUG Engine               - isBrowser: false
14:14:43.578 [FXGL Background Thread 2 ] DEBUG Engine               - isClickFeedbackEnabled: false
14:14:43.579 [FXGL Background Thread 2 ] DEBUG Engine               - isCloseConfirmation: false
14:14:43.579 [FXGL Background Thread 2 ] DEBUG Engine               - isDesktop: true
14:14:43.579 [FXGL Background Thread 2 ] DEBUG Engine               - isDeveloperMenuEnabled: false
14:14:43.579 [FXGL Background Thread 2 ] DEBUG Engine               - isExperimentalNative: false
14:14:43.580 [FXGL Background Thread 2 ] DEBUG Engine               - isExperimentalTiledLargeMap: false
14:14:43.580 [FXGL Background Thread 2 ] DEBUG Engine               - isFullScreenAllowed: false
14:14:43.580 [FXGL Background Thread 2 ] DEBUG Engine               - isFullScreenFromStart: false
14:14:43.580 [FXGL Background Thread 2 ] DEBUG Engine               - isGameMenuEnabled: true
14:14:43.581 [FXGL Background Thread 2 ] DEBUG Engine               - isIOS: false
14:14:43.581 [FXGL Background Thread 2 ] DEBUG Engine               - isIntroEnabled: false
14:14:43.581 [FXGL Background Thread 2 ] DEBUG Engine               - isLinux: true
14:14:43.581 [FXGL Background Thread 2 ] DEBUG Engine               - isMac: false
14:14:43.581 [FXGL Background Thread 2 ] DEBUG Engine               - isMainMenuEnabled: false
14:14:43.581 [FXGL Background Thread 2 ] DEBUG Engine               - isManualResizeEnabled: false
14:14:43.581 [FXGL Background Thread 2 ] DEBUG Engine               - isMobile: false
14:14:43.581 [FXGL Background Thread 2 ] DEBUG Engine               - isPreserveResizeRatio: false
14:14:43.581 [FXGL Background Thread 2 ] DEBUG Engine               - isProfilingEnabled: false
14:14:43.581 [FXGL Background Thread 2 ] DEBUG Engine               - isSingleStep: false
14:14:43.582 [FXGL Background Thread 2 ] DEBUG Engine               - isUserProfileEnabled: false
14:14:43.582 [FXGL Background Thread 2 ] DEBUG Engine               - isWindows: false
14:14:43.582 [FXGL Background Thread 2 ] DEBUG Engine               - language: ObjectProperty [value: ENGLISH]
14:14:43.582 [FXGL Background Thread 2 ] DEBUG Engine               - mainWindow: com.almasb.fxgl.app.MainWindow@368a52ec
14:14:43.582 [FXGL Background Thread 2 ] DEBUG Engine               - menuKey: ESCAPE
14:14:43.582 [FXGL Background Thread 2 ] DEBUG Engine               - notificationViewClass: class com.almasb.fxgl.notification.view.XboxNotificationView
14:14:43.582 [FXGL Background Thread 2 ] DEBUG Engine               - pixelsPerMeter: 50.0
14:14:43.582 [FXGL Background Thread 2 ] DEBUG Engine               - platform: LINUX
14:14:43.582 [FXGL Background Thread 2 ] DEBUG Engine               - profileDir: profiles/
14:14:43.582 [FXGL Background Thread 2 ] DEBUG Engine               - profileName: StringProperty [value: DEFAULT]
14:14:43.582 [FXGL Background Thread 2 ] DEBUG Engine               - randomSeed: -1
14:14:43.582 [FXGL Background Thread 2 ] DEBUG Engine               - runtimeInfo: RuntimeInfo(platform=LINUX, version=11.9, build=27.05.2020 17.06)
14:14:43.583 [FXGL Background Thread 2 ] DEBUG Engine               - saveFileExt: sav
14:14:43.583 [FXGL Background Thread 2 ] DEBUG Engine               - sceneFactory: com.almasb.fxgl.app.scene.SceneFactory@32b5d0e5
14:14:43.583 [FXGL Background Thread 2 ] DEBUG Engine               - secondsIn24h: 60
14:14:43.583 [FXGL Background Thread 2 ] DEBUG Engine               - settings: Title: Pong Game
Version: 0.0
Width: 800
Height: 600
Fullscreen: false
Intro: false
Profiling: false
Single step:false
App Mode: DEVELOPER
Menu Key: ESCAPE
Stage Style: DECORATED
Scene Factory: class com.almasb.fxgl.app.scene.SceneFactory

14:14:43.583 [FXGL Background Thread 2 ] DEBUG Engine               - soundMenuBack: menu/back.wav
14:14:43.583 [FXGL Background Thread 2 ] DEBUG Engine               - soundMenuPress: menu/press.wav
14:14:43.583 [FXGL Background Thread 2 ] DEBUG Engine               - soundMenuSelect: menu/select.wav
14:14:43.583 [FXGL Background Thread 2 ] DEBUG Engine               - soundNotification: core/notification.wav
14:14:43.583 [FXGL Background Thread 2 ] DEBUG Engine               - stageStyle: DECORATED
14:14:43.583 [FXGL Background Thread 2 ] DEBUG Engine               - supportedLanguages: [ENGLISH, FRENCH, GERMAN, HUNGARIAN, RUSSIAN]
14:14:43.583 [FXGL Background Thread 2 ] DEBUG Engine               - title: Pong Game
14:14:43.583 [FXGL Background Thread 2 ] DEBUG Engine               - urlGithub: https://github.com/AlmasB/FXGL
14:14:43.583 [FXGL Background Thread 2 ] DEBUG Engine               - urlLeaderboard: http://fxgl-top.herokuapp.com/
14:14:43.583 [FXGL Background Thread 2 ] DEBUG Engine               - urlPOM: https://raw.githubusercontent.com/AlmasB/FXGL/master/pom.xml
14:14:43.583 [FXGL Background Thread 2 ] DEBUG Engine               - version: 0.0
14:14:43.584 [FXGL Background Thread 2 ] DEBUG Engine               - versionCheckDays: 7
14:14:43.584 [FXGL Background Thread 2 ] DEBUG Engine               - width: 800
14:14:43.584 [FXGL Background Thread 2 ] DEBUG Engine               - Logging services
14:14:43.584 [FXGL Background Thread 2 ] DEBUG Engine               - class com.almasb.fxgl.app.GameApplication$GameApplicationService
14:14:43.584 [FXGL Background Thread 2 ] DEBUG Engine               - class com.almasb.fxgl.app.services.WindowService
14:14:43.584 [FXGL Background Thread 2 ] DEBUG Engine               - class com.almasb.fxgl.app.services.FXGLDialogService
14:14:43.584 [FXGL Background Thread 2 ] DEBUG Engine               - class com.almasb.fxgl.app.services.IOTaskExecutorService
14:14:43.584 [FXGL Background Thread 2 ] DEBUG Engine               - class com.almasb.fxgl.event.EventBusService
14:14:43.584 [FXGL Background Thread 2 ] DEBUG Engine               - class com.almasb.fxgl.io.FileSystemService
14:14:43.584 [FXGL Background Thread 2 ] DEBUG Engine               - class com.almasb.fxgl.localization.LocalizationService
14:14:43.584 [FXGL Background Thread 2 ] DEBUG Engine               - class com.almasb.fxgl.app.services.AssetLoaderService
14:14:43.584 [FXGL Background Thread 2 ] DEBUG Engine               - class com.almasb.fxgl.app.services.SystemBundleService
14:14:43.584 [FXGL Background Thread 2 ] DEBUG Engine               - class com.almasb.fxgl.profile.SaveLoadService
14:14:43.584 [FXGL Background Thread 2 ] DEBUG Engine               - class com.almasb.fxgl.ui.FXGLUIFactoryServiceProvider
14:14:43.584 [FXGL Background Thread 2 ] DEBUG Engine               - class com.almasb.fxgl.ui.FXGLDialogFactoryServiceProvider
14:14:43.584 [FXGL Background Thread 2 ] DEBUG Engine               - class com.almasb.fxgl.audio.AudioPlayer
14:14:43.584 [FXGL Background Thread 2 ] DEBUG Engine               - class com.almasb.fxgl.notification.impl.NotificationServiceProvider
14:14:43.585 [FXGL Background Thread 2 ] DEBUG Engine               - class com.almasb.fxgl.achievement.AchievementService
14:14:43.585 [FXGL Background Thread 2 ] DEBUG Engine               - class com.almasb.fxgl.cutscene.CutsceneService
14:14:43.585 [FXGL Background Thread 2 ] DEBUG Engine               - class com.almasb.fxgl.minigames.MiniGameService
14:14:43.585 [FXGL Background Thread 2 ] DEBUG Engine               - class com.almasb.fxgl.net.NetService
14:14:43.585 [FXGL Background Thread 2 ] DEBUG Engine               - class com.almasb.fxgl.app.services.UpdaterService
14:14:43.585 [FXGL Background Thread 2 ] DEBUG Engine               - class com.almasb.fxgl.dev.DevService
14:14:54.494 [JavaFX Application Thread] DEBUG GameApplication      - Exiting FXGL
14:14:54.494 [JavaFX Application Thread] DEBUG LoopRunner           - Stopping loop
14:14:54.494 [JavaFX Application Thread] DEBUG SystemBundleService  - Saving FXGL system data
14:14:54.496 [JavaFX Application Thread] DEBUG FileSystemAccess     - Writing to: /home/luke/dev/Pracitce Programs--Games/Pong/system/fxgl.bundle
14:14:54.498 [JavaFX Application Thread] DEBUG GameApplication      - Shutting down background threads
14:14:54.498 [JavaFX Application Thread] DEBUG GameApplication      - Closing logger and exiting JavaFX
