16:09:53.259 [main                     ] DEBUG GameApplication      - Logger initialized
16:09:53.266 [main                     ] DEBUG GameApplication      - Logging settings
Title: Pong Game
Version: 0.0
Width: 800
Height: 600
Fullscreen: false
Intro: false
Profiling: false
Single step:false
App Mode: DEVELOPER
Menu Key: ESCAPE
Stage Style: DECORATED
Scene Factory: class com.almasb.fxgl.app.scene.SceneFactory

16:09:53.694 [JavaFX Application Thread] DEBUG GameApplication      - Initializing FXGL
16:09:53.701 [JavaFX Application Thread] INFO  Engine               - FXGL-11.9 (27.05.2020 17.06) on LINUX (J:14.0.2 FX:13.0.2)
16:09:53.701 [JavaFX Application Thread] DEBUG Engine               - JRE Vendor Name: Oracle Corporation
16:09:53.702 [JavaFX Application Thread] DEBUG Engine               - Running on OS: Linux version 5.3.0-51-generic
16:09:53.702 [JavaFX Application Thread] DEBUG Engine               - Architecture: amd64
16:09:53.702 [JavaFX Application Thread] INFO  Engine               - Source code and latest versions at: https://github.com/AlmasB/FXGL
16:09:53.702 [JavaFX Application Thread] INFO  Engine               -              Join the FXGL chat at: https://gitter.im/AlmasB/FXGL
16:09:53.796 [JavaFX Application Thread] DEBUG MainWindow           - Creating a JavaFX scene
16:09:53.855 [JavaFX Application Thread] DEBUG MainWindow           - Target settings size: 800.0 x 600.0
16:09:53.855 [JavaFX Application Thread] DEBUG MainWindow           - Scaled scene size:    800.0 x 600.0
16:09:53.856 [JavaFX Application Thread] DEBUG MainWindow           - Scaled ratio: (1.0, 1.0)
16:09:53.857 [JavaFX Application Thread] DEBUG MainWindow           - Set initial scene to FXGLStartupScene
16:09:53.867 [JavaFX Application Thread] DEBUG MainWindow           - Opening main window
16:09:53.897 [JavaFX Application Thread] DEBUG MainWindow           - Window border size: (2.0, 29.0)
16:09:53.897 [JavaFX Application Thread] DEBUG MainWindow           - Scaled size: 800.0 x 600.0
16:09:53.897 [JavaFX Application Thread] DEBUG MainWindow           - Scaled ratio: (1.0, 1.0)
16:09:53.897 [JavaFX Application Thread] DEBUG MainWindow           - Scene size: 800.0 x 600.0
16:09:53.897 [JavaFX Application Thread] DEBUG MainWindow           - Stage size: 802.0 x 629.0
16:09:53.904 [FXGL Background Thread 1 ] DEBUG Engine               - Initializing environment variables
16:09:53.927 [FXGL Background Thread 1 ] DEBUG WindowService        - Applying CSS: fxgl_dark.css
16:09:53.928 [FXGL Background Thread 1 ] DEBUG AssetLoaderService   - Loading from file system: /assets/ui/css/fxgl_dark.css
16:09:53.971 [FXGL Background Thread 1 ] DEBUG WindowService        - Initializing application scenes
16:09:54.000 [FXGL Background Thread 1 ] DEBUG GameWorld            - Game world initialized
16:09:54.024 [FXGL Background Thread 1 ] DEBUG PhysicsWorld         - Physics world initialized: appHeight=600, physics.ppm=50.0
16:09:54.027 [FXGL Background Thread 1 ] DEBUG GameScene            - Game scene initialized: 800x600
16:09:54.049 [FXGL Background Thread 1 ] DEBUG AssetLoaderService   - Loading from file system: /assets/textures/particles/trace_horizontal.png
16:09:54.098 [FXGL Background Thread 1 ] DEBUG FXGL.DefaultMenu     - createMenuBodyGameMenu()
16:09:54.109 [FXGL Background Thread 1 ] DEBUG FXGL.DefaultMenu     - createOptionsMenu()
16:09:54.113 [FXGL Background Thread 1 ] DEBUG AssetLoaderService   - Loading from file system: /assets/textures/particles/smoke.png
16:09:54.187 [FXGL Background Thread 1 ] DEBUG WindowService        - Application scenes initialized
16:09:54.197 [FXGL Background Thread 1 ] DEBUG SystemBundleService  - Loading FXGL system data
16:09:54.200 [FXGL Background Thread 1 ] DEBUG FileSystemAccess     - Reading from: /home/luke/dev/Pracitce Programs--Games/Pong/system/fxgl.bundle
16:09:54.209 [FXGL Background Thread 1 ] DEBUG SystemBundleService  - Bundle FXGL: {}
16:09:54.209 [FXGL Background Thread 1 ] INFO  Engine               - FXGL initialization took: 0.301 sec
16:09:54.211 [FXGL Background Thread 1 ] DEBUG GameApplication      - Loading localizations
16:09:54.212 [FXGL Background Thread 1 ] DEBUG AssetLoaderService   - Loading from file system: /assets/languages/english.lang
16:09:54.226 [FXGL Background Thread 1 ] DEBUG AssetLoaderService   - Loading from file system: /assets/languages/french.lang
16:09:54.229 [FXGL Background Thread 1 ] DEBUG AssetLoaderService   - Loading from file system: /assets/languages/german.lang
16:09:54.232 [FXGL Background Thread 1 ] DEBUG AssetLoaderService   - Loading from file system: /assets/languages/hungarian.lang
16:09:54.237 [FXGL Background Thread 1 ] DEBUG AssetLoaderService   - Loading from file system: /assets/languages/russian.lang
16:09:54.240 [FXGL Background Thread 1 ] DEBUG GameApplication      - Registering font factories with UI factory
16:09:54.241 [FXGL Background Thread 1 ] DEBUG AssetLoaderService   - Loading from file system: /assets/ui/fonts/VarelaRound-Regular.ttf
16:09:54.251 [FXGL Background Thread 1 ] DEBUG AssetLoaderService   - Loading from file system: /assets/ui/fonts/Abel-Regular.ttf
16:09:54.253 [FXGL Background Thread 1 ] DEBUG AssetLoaderService   - Loading from file system: /assets/ui/fonts/lucida_console.ttf
16:09:54.256 [FXGL Background Thread 1 ] DEBUG AssetLoaderService   - Loading from file system: /assets/ui/fonts/Courier-Prime.ttf
16:09:54.269 [JavaFX Application Thread] DEBUG Input                - Registered new binding: Up 1 - W
16:09:54.269 [JavaFX Application Thread] DEBUG Input                - Registered new binding: Down 1 - S
16:09:54.269 [JavaFX Application Thread] DEBUG AssetLoaderService   - Loading from file system: /assets/textures/fxgl_icon.png
16:09:54.298 [JavaFX Application Thread] DEBUG AssetLoaderService   - Loading from file system: /assets/ui/cursors/fxgl_default.png
16:09:54.299 [JavaFX Application Thread] DEBUG Input                - Registered new binding: Screenshot - P
16:09:54.300 [JavaFX Application Thread] DEBUG Input                - Registered new binding: System info dump - CTRL+9
16:09:54.300 [JavaFX Application Thread] DEBUG Input                - Registered new binding: Restart - CTRL+R
16:09:54.301 [JavaFX Application Thread] DEBUG LoopRunner           - Starting loop
16:09:54.305 [JavaFX Application Thread] DEBUG FXGLStartupScene     - STARTUP
16:09:54.305 [JavaFX Application Thread] DEBUG WindowService        - Starting new game
16:09:54.306 [JavaFX Application Thread] DEBUG Input                - Clearing active input actions
16:09:54.321 [JavaFX Application Thread] DEBUG WindowService        - Removing overlay from FXGLStartupScene and adding to FXGLLoadingScene
16:09:54.321 [JavaFX Application Thread] DEBUG MainWindow           - FXGLStartupScene -> FXGLLoadingScene
16:09:54.321 [JavaFX Application Thread] DEBUG WindowService        - Clearing previous game
16:09:54.321 [JavaFX Application Thread] DEBUG GameScene            - Clearing game scene
16:09:54.322 [JavaFX Application Thread] DEBUG GameWorld            - Clearing game world
16:09:54.322 [JavaFX Application Thread] DEBUG PhysicsWorld         - Clearing physics world
16:09:54.323 [FXGL Background Thread 1 ] DEBUG GameApplication      - Initializing game
16:09:54.341 [FXGL Background Thread 1 ] INFO  GameApplication      - Game initialization took: 0.018 sec
16:09:54.442 [JavaFX Application Thread] DEBUG Input                - Clearing active input actions
16:09:54.454 [JavaFX Application Thread] DEBUG WindowService        - Removing overlay from FXGLLoadingScene and adding to GameScene
16:09:54.454 [JavaFX Application Thread] DEBUG MainWindow           - FXGLLoadingScene -> GameScene
16:09:57.081 [JavaFX Application Thread] DEBUG MainWindow           - Push state: FXGLDefaultMenu
16:09:57.087 [JavaFX Application Thread] DEBUG Input                - Clearing active input actions
16:09:57.095 [JavaFX Application Thread] DEBUG WindowService        - Removing overlay from GameScene and adding to FXGLDefaultMenu
16:09:57.096 [JavaFX Application Thread] DEBUG MainWindow           - GameScene -> FXGLDefaultMenu
16:09:57.211 [FXGL Background Thread 2 ] DEBUG Engine               - Logging environment variables
16:09:57.212 [FXGL Background Thread 2 ] DEBUG Engine               - achievements: []
16:09:57.212 [FXGL Background Thread 2 ] DEBUG Engine               - appIcon: fxgl_icon.png
16:09:57.213 [FXGL Background Thread 2 ] DEBUG Engine               - applicationMode: DEVELOPER
16:09:57.213 [FXGL Background Thread 2 ] DEBUG Engine               - cSSList: [fxgl_dark.css]
16:09:57.213 [FXGL Background Thread 2 ] DEBUG Engine               - configClass: Optional.empty
16:09:57.213 [FXGL Background Thread 2 ] DEBUG Engine               - credits: []
16:09:57.213 [FXGL Background Thread 2 ] DEBUG Engine               - devBBoxColorProperty: ObjectProperty [value: 0xff0000ff]
16:09:57.214 [FXGL Background Thread 2 ] DEBUG Engine               - devSensorColorProperty: ObjectProperty [value: 0xffff00ff]
16:09:57.214 [FXGL Background Thread 2 ] DEBUG Engine               - devShowBBoxProperty: BooleanProperty [value: false]
16:09:57.214 [FXGL Background Thread 2 ] DEBUG Engine               - devShowPositionProperty: BooleanProperty [value: false]
16:09:57.214 [FXGL Background Thread 2 ] DEBUG Engine               - enabledMenuItems: []
16:09:57.214 [FXGL Background Thread 2 ] DEBUG Engine               - engineServices: [class com.almasb.fxgl.app.GameApplication$GameApplicationService, class com.almasb.fxgl.app.services.WindowService, class com.almasb.fxgl.app.services.FXGLDialogService, class com.almasb.fxgl.app.services.IOTaskExecutorService, class com.almasb.fxgl.event.EventBusService, class com.almasb.fxgl.io.FileSystemService, class com.almasb.fxgl.localization.LocalizationService, class com.almasb.fxgl.app.services.AssetLoaderService, class com.almasb.fxgl.app.services.SystemBundleService, class com.almasb.fxgl.profile.SaveLoadService, class com.almasb.fxgl.ui.FXGLUIFactoryServiceProvider, class com.almasb.fxgl.ui.FXGLDialogFactoryServiceProvider, class com.almasb.fxgl.audio.AudioPlayer, class com.almasb.fxgl.notification.impl.NotificationServiceProvider, class com.almasb.fxgl.achievement.AchievementService, class com.almasb.fxgl.cutscene.CutsceneService, class com.almasb.fxgl.minigames.MiniGameService, class com.almasb.fxgl.net.NetService, class com.almasb.fxgl.app.services.UpdaterService, class com.almasb.fxgl.dev.DevService]
16:09:57.214 [FXGL Background Thread 2 ] DEBUG Engine               - fontGame: Abel-Regular.ttf
16:09:57.214 [FXGL Background Thread 2 ] DEBUG Engine               - fontMono: lucida_console.ttf
16:09:57.214 [FXGL Background Thread 2 ] DEBUG Engine               - fontText: Courier-Prime.ttf
16:09:57.214 [FXGL Background Thread 2 ] DEBUG Engine               - fontUI: VarelaRound-Regular.ttf
16:09:57.214 [FXGL Background Thread 2 ] DEBUG Engine               - fullScreen: BooleanProperty [value: false]
16:09:57.214 [FXGL Background Thread 2 ] DEBUG Engine               - gameDifficulty: MEDIUM
16:09:57.215 [FXGL Background Thread 2 ] DEBUG Engine               - gameDifficultyProperty: ObjectProperty [value: MEDIUM]
16:09:57.215 [FXGL Background Thread 2 ] DEBUG Engine               - globalMusicVolume: 0.5
16:09:57.215 [FXGL Background Thread 2 ] DEBUG Engine               - globalMusicVolumeProperty: DoubleProperty [value: 0.5]
16:09:57.215 [FXGL Background Thread 2 ] DEBUG Engine               - globalSoundVolume: 0.5
16:09:57.215 [FXGL Background Thread 2 ] DEBUG Engine               - globalSoundVolumeProperty: DoubleProperty [value: 0.5]
16:09:57.215 [FXGL Background Thread 2 ] DEBUG Engine               - height: 600
16:09:57.215 [FXGL Background Thread 2 ] DEBUG Engine               - isAndroid: false
16:09:57.215 [FXGL Background Thread 2 ] DEBUG Engine               - isBrowser: false
16:09:57.215 [FXGL Background Thread 2 ] DEBUG Engine               - isClickFeedbackEnabled: false
16:09:57.215 [FXGL Background Thread 2 ] DEBUG Engine               - isCloseConfirmation: false
16:09:57.216 [FXGL Background Thread 2 ] DEBUG Engine               - isDesktop: true
16:09:57.216 [FXGL Background Thread 2 ] DEBUG Engine               - isDeveloperMenuEnabled: false
16:09:57.216 [FXGL Background Thread 2 ] DEBUG Engine               - isExperimentalNative: false
16:09:57.216 [FXGL Background Thread 2 ] DEBUG Engine               - isExperimentalTiledLargeMap: false
16:09:57.216 [FXGL Background Thread 2 ] DEBUG Engine               - isFullScreenAllowed: false
16:09:57.216 [FXGL Background Thread 2 ] DEBUG Engine               - isFullScreenFromStart: false
16:09:57.216 [FXGL Background Thread 2 ] DEBUG Engine               - isGameMenuEnabled: true
16:09:57.216 [FXGL Background Thread 2 ] DEBUG Engine               - isIOS: false
16:09:57.216 [FXGL Background Thread 2 ] DEBUG Engine               - isIntroEnabled: false
16:09:57.216 [FXGL Background Thread 2 ] DEBUG Engine               - isLinux: true
16:09:57.217 [FXGL Background Thread 2 ] DEBUG Engine               - isMac: false
16:09:57.217 [FXGL Background Thread 2 ] DEBUG Engine               - isMainMenuEnabled: false
16:09:57.217 [FXGL Background Thread 2 ] DEBUG Engine               - isManualResizeEnabled: false
16:09:57.217 [FXGL Background Thread 2 ] DEBUG Engine               - isMobile: false
16:09:57.217 [FXGL Background Thread 2 ] DEBUG Engine               - isPreserveResizeRatio: false
16:09:57.217 [FXGL Background Thread 2 ] DEBUG Engine               - isProfilingEnabled: false
16:09:57.217 [FXGL Background Thread 2 ] DEBUG Engine               - isSingleStep: false
16:09:57.217 [FXGL Background Thread 2 ] DEBUG Engine               - isUserProfileEnabled: false
16:09:57.217 [FXGL Background Thread 2 ] DEBUG Engine               - isWindows: false
16:09:57.218 [FXGL Background Thread 2 ] DEBUG Engine               - language: ObjectProperty [value: ENGLISH]
16:09:57.218 [FXGL Background Thread 2 ] DEBUG Engine               - mainWindow: com.almasb.fxgl.app.MainWindow@18104b8c
16:09:57.218 [FXGL Background Thread 2 ] DEBUG Engine               - menuKey: ESCAPE
16:09:57.218 [FXGL Background Thread 2 ] DEBUG Engine               - notificationViewClass: class com.almasb.fxgl.notification.view.XboxNotificationView
16:09:57.218 [FXGL Background Thread 2 ] DEBUG Engine               - pixelsPerMeter: 50.0
16:09:57.218 [FXGL Background Thread 2 ] DEBUG Engine               - platform: LINUX
16:09:57.218 [FXGL Background Thread 2 ] DEBUG Engine               - profileDir: profiles/
16:09:57.218 [FXGL Background Thread 2 ] DEBUG Engine               - profileName: StringProperty [value: DEFAULT]
16:09:57.218 [FXGL Background Thread 2 ] DEBUG Engine               - randomSeed: -1
16:09:57.218 [FXGL Background Thread 2 ] DEBUG Engine               - runtimeInfo: RuntimeInfo(platform=LINUX, version=11.9, build=27.05.2020 17.06)
16:09:57.219 [FXGL Background Thread 2 ] DEBUG Engine               - saveFileExt: sav
16:09:57.219 [FXGL Background Thread 2 ] DEBUG Engine               - sceneFactory: com.almasb.fxgl.app.scene.SceneFactory@1c2fdc56
16:09:57.219 [FXGL Background Thread 2 ] DEBUG Engine               - secondsIn24h: 60
16:09:57.219 [FXGL Background Thread 2 ] DEBUG Engine               - settings: Title: Pong Game
Version: 0.0
Width: 800
Height: 600
Fullscreen: false
Intro: false
Profiling: false
Single step:false
App Mode: DEVELOPER
Menu Key: ESCAPE
Stage Style: DECORATED
Scene Factory: class com.almasb.fxgl.app.scene.SceneFactory

16:09:57.219 [FXGL Background Thread 2 ] DEBUG Engine               - soundMenuBack: menu/back.wav
16:09:57.219 [FXGL Background Thread 2 ] DEBUG Engine               - soundMenuPress: menu/press.wav
16:09:57.219 [FXGL Background Thread 2 ] DEBUG Engine               - soundMenuSelect: menu/select.wav
16:09:57.219 [FXGL Background Thread 2 ] DEBUG Engine               - soundNotification: core/notification.wav
16:09:57.219 [FXGL Background Thread 2 ] DEBUG Engine               - stageStyle: DECORATED
16:09:57.219 [FXGL Background Thread 2 ] DEBUG Engine               - supportedLanguages: [ENGLISH, FRENCH, GERMAN, HUNGARIAN, RUSSIAN]
16:09:57.219 [FXGL Background Thread 2 ] DEBUG Engine               - title: Pong Game
16:09:57.219 [FXGL Background Thread 2 ] DEBUG Engine               - urlGithub: https://github.com/AlmasB/FXGL
16:09:57.219 [FXGL Background Thread 2 ] DEBUG Engine               - urlLeaderboard: http://fxgl-top.herokuapp.com/
16:09:57.219 [FXGL Background Thread 2 ] DEBUG Engine               - urlPOM: https://raw.githubusercontent.com/AlmasB/FXGL/master/pom.xml
16:09:57.219 [FXGL Background Thread 2 ] DEBUG Engine               - version: 0.0
16:09:57.219 [FXGL Background Thread 2 ] DEBUG Engine               - versionCheckDays: 7
16:09:57.219 [FXGL Background Thread 2 ] DEBUG Engine               - width: 800
16:09:57.220 [FXGL Background Thread 2 ] DEBUG Engine               - Logging services
16:09:57.220 [FXGL Background Thread 2 ] DEBUG Engine               - class com.almasb.fxgl.app.GameApplication$GameApplicationService
16:09:57.220 [FXGL Background Thread 2 ] DEBUG Engine               - class com.almasb.fxgl.app.services.WindowService
16:09:57.220 [FXGL Background Thread 2 ] DEBUG Engine               - class com.almasb.fxgl.app.services.FXGLDialogService
16:09:57.220 [FXGL Background Thread 2 ] DEBUG Engine               - class com.almasb.fxgl.app.services.IOTaskExecutorService
16:09:57.220 [FXGL Background Thread 2 ] DEBUG Engine               - class com.almasb.fxgl.event.EventBusService
16:09:57.220 [FXGL Background Thread 2 ] DEBUG Engine               - class com.almasb.fxgl.io.FileSystemService
16:09:57.220 [FXGL Background Thread 2 ] DEBUG Engine               - class com.almasb.fxgl.localization.LocalizationService
16:09:57.220 [FXGL Background Thread 2 ] DEBUG Engine               - class com.almasb.fxgl.app.services.AssetLoaderService
16:09:57.220 [FXGL Background Thread 2 ] DEBUG Engine               - class com.almasb.fxgl.app.services.SystemBundleService
16:09:57.220 [FXGL Background Thread 2 ] DEBUG Engine               - class com.almasb.fxgl.profile.SaveLoadService
16:09:57.220 [FXGL Background Thread 2 ] DEBUG Engine               - class com.almasb.fxgl.ui.FXGLUIFactoryServiceProvider
16:09:57.220 [FXGL Background Thread 2 ] DEBUG Engine               - class com.almasb.fxgl.ui.FXGLDialogFactoryServiceProvider
16:09:57.221 [FXGL Background Thread 2 ] DEBUG Engine               - class com.almasb.fxgl.audio.AudioPlayer
16:09:57.221 [FXGL Background Thread 2 ] DEBUG Engine               - class com.almasb.fxgl.notification.impl.NotificationServiceProvider
16:09:57.221 [FXGL Background Thread 2 ] DEBUG Engine               - class com.almasb.fxgl.achievement.AchievementService
16:09:57.221 [FXGL Background Thread 2 ] DEBUG Engine               - class com.almasb.fxgl.cutscene.CutsceneService
16:09:57.221 [FXGL Background Thread 2 ] DEBUG Engine               - class com.almasb.fxgl.minigames.MiniGameService
16:09:57.221 [FXGL Background Thread 2 ] DEBUG Engine               - class com.almasb.fxgl.net.NetService
16:09:57.221 [FXGL Background Thread 2 ] DEBUG Engine               - class com.almasb.fxgl.app.services.UpdaterService
16:09:57.221 [FXGL Background Thread 2 ] DEBUG Engine               - class com.almasb.fxgl.dev.DevService
16:09:58.133 [JavaFX Application Thread] DEBUG Menu                 - fireExit()
16:09:58.137 [JavaFX Application Thread] DEBUG MainWindow           - Push state: DialogSubScene
16:09:58.138 [JavaFX Application Thread] DEBUG Input                - Clearing active input actions
16:09:58.142 [JavaFX Application Thread] DEBUG WindowService        - Removing overlay from FXGLDefaultMenu and adding to DialogSubScene
16:09:58.143 [JavaFX Application Thread] DEBUG MainWindow           - FXGLDefaultMenu -> DialogSubScene
16:09:58.760 [JavaFX Application Thread] DEBUG MainWindow           - Pop state: DialogSubScene
16:09:58.760 [JavaFX Application Thread] DEBUG Input                - Clearing active input actions
16:09:58.762 [JavaFX Application Thread] DEBUG WindowService        - Removing overlay from DialogSubScene and adding to FXGLDefaultMenu
16:09:58.763 [JavaFX Application Thread] DEBUG MainWindow           - FXGLDefaultMenu <- DialogSubScene
16:09:58.763 [JavaFX Application Thread] DEBUG GameApplication      - Exiting FXGL
16:09:58.763 [JavaFX Application Thread] DEBUG LoopRunner           - Stopping loop
16:09:58.763 [JavaFX Application Thread] DEBUG SystemBundleService  - Saving FXGL system data
16:09:58.766 [JavaFX Application Thread] DEBUG FileSystemAccess     - Writing to: /home/luke/dev/Pracitce Programs--Games/Pong/system/fxgl.bundle
16:09:58.769 [JavaFX Application Thread] DEBUG GameApplication      - Shutting down background threads
16:09:58.769 [JavaFX Application Thread] DEBUG GameApplication      - Closing logger and exiting JavaFX
