15:53:47.604 [main                     ] DEBUG GameApplication      - Logger initialized
15:53:47.608 [main                     ] DEBUG GameApplication      - Logging settings
Title: Pong Game
Version: 0.0
Width: 800
Height: 600
Fullscreen: false
Intro: false
Profiling: false
Single step:false
App Mode: DEVELOPER
Menu Key: ESCAPE
Stage Style: DECORATED
Scene Factory: class com.almasb.fxgl.app.scene.SceneFactory

15:53:47.989 [JavaFX Application Thread] DEBUG GameApplication      - Initializing FXGL
15:53:47.998 [JavaFX Application Thread] INFO  Engine               - FXGL-11.9 (27.05.2020 17.06) on LINUX (J:14.0.2 FX:13.0.2)
15:53:47.998 [JavaFX Application Thread] DEBUG Engine               - JRE Vendor Name: Oracle Corporation
15:53:47.998 [JavaFX Application Thread] DEBUG Engine               - Running on OS: Linux version 5.3.0-51-generic
15:53:47.999 [JavaFX Application Thread] DEBUG Engine               - Architecture: amd64
15:53:47.999 [JavaFX Application Thread] INFO  Engine               - Source code and latest versions at: https://github.com/AlmasB/FXGL
15:53:47.999 [JavaFX Application Thread] INFO  Engine               -              Join the FXGL chat at: https://gitter.im/AlmasB/FXGL
15:53:48.094 [JavaFX Application Thread] DEBUG MainWindow           - Creating a JavaFX scene
15:53:48.147 [JavaFX Application Thread] DEBUG MainWindow           - Target settings size: 800.0 x 600.0
15:53:48.147 [JavaFX Application Thread] DEBUG MainWindow           - Scaled scene size:    800.0 x 600.0
15:53:48.147 [JavaFX Application Thread] DEBUG MainWindow           - Scaled ratio: (1.0, 1.0)
15:53:48.148 [JavaFX Application Thread] DEBUG MainWindow           - Set initial scene to FXGLStartupScene
15:53:48.152 [JavaFX Application Thread] DEBUG MainWindow           - Opening main window
15:53:48.188 [JavaFX Application Thread] DEBUG MainWindow           - Window border size: (2.0, 29.0)
15:53:48.189 [JavaFX Application Thread] DEBUG MainWindow           - Scaled size: 800.0 x 600.0
15:53:48.189 [JavaFX Application Thread] DEBUG MainWindow           - Scaled ratio: (1.0, 1.0)
15:53:48.189 [JavaFX Application Thread] DEBUG MainWindow           - Scene size: 800.0 x 600.0
15:53:48.189 [JavaFX Application Thread] DEBUG MainWindow           - Stage size: 802.0 x 629.0
15:53:48.194 [FXGL Background Thread 1 ] DEBUG Engine               - Initializing environment variables
15:53:48.216 [FXGL Background Thread 1 ] DEBUG WindowService        - Applying CSS: fxgl_dark.css
15:53:48.217 [FXGL Background Thread 1 ] DEBUG AssetLoaderService   - Loading from file system: /assets/ui/css/fxgl_dark.css
15:53:48.253 [FXGL Background Thread 1 ] DEBUG WindowService        - Initializing application scenes
15:53:48.277 [FXGL Background Thread 1 ] DEBUG GameWorld            - Game world initialized
15:53:48.299 [FXGL Background Thread 1 ] DEBUG PhysicsWorld         - Physics world initialized: appHeight=600, physics.ppm=50.0
15:53:48.301 [FXGL Background Thread 1 ] DEBUG GameScene            - Game scene initialized: 800x600
15:53:48.320 [FXGL Background Thread 1 ] DEBUG AssetLoaderService   - Loading from file system: /assets/textures/particles/trace_horizontal.png
15:53:48.371 [FXGL Background Thread 1 ] DEBUG FXGL.DefaultMenu     - createMenuBodyGameMenu()
15:53:48.382 [FXGL Background Thread 1 ] DEBUG FXGL.DefaultMenu     - createOptionsMenu()
15:53:48.386 [FXGL Background Thread 1 ] DEBUG AssetLoaderService   - Loading from file system: /assets/textures/particles/smoke.png
15:53:48.439 [FXGL Background Thread 1 ] DEBUG WindowService        - Application scenes initialized
15:53:48.450 [FXGL Background Thread 1 ] DEBUG SystemBundleService  - Loading FXGL system data
15:53:48.454 [FXGL Background Thread 1 ] DEBUG FileSystemAccess     - Reading from: /home/luke/dev/Pracitce Programs--Games/Pong/system/fxgl.bundle
15:53:48.463 [FXGL Background Thread 1 ] DEBUG SystemBundleService  - Bundle FXGL: {}
15:53:48.464 [FXGL Background Thread 1 ] INFO  Engine               - FXGL initialization took: 0.266 sec
15:53:48.465 [FXGL Background Thread 1 ] DEBUG GameApplication      - Loading localizations
15:53:48.466 [FXGL Background Thread 1 ] DEBUG AssetLoaderService   - Loading from file system: /assets/languages/english.lang
15:53:48.483 [FXGL Background Thread 1 ] DEBUG AssetLoaderService   - Loading from file system: /assets/languages/french.lang
15:53:48.485 [FXGL Background Thread 1 ] DEBUG AssetLoaderService   - Loading from file system: /assets/languages/german.lang
15:53:48.487 [FXGL Background Thread 1 ] DEBUG AssetLoaderService   - Loading from file system: /assets/languages/hungarian.lang
15:53:48.492 [FXGL Background Thread 1 ] DEBUG AssetLoaderService   - Loading from file system: /assets/languages/russian.lang
15:53:48.495 [FXGL Background Thread 1 ] DEBUG GameApplication      - Registering font factories with UI factory
15:53:48.495 [FXGL Background Thread 1 ] DEBUG AssetLoaderService   - Loading from file system: /assets/ui/fonts/VarelaRound-Regular.ttf
15:53:48.502 [FXGL Background Thread 1 ] DEBUG AssetLoaderService   - Loading from file system: /assets/ui/fonts/Abel-Regular.ttf
15:53:48.504 [FXGL Background Thread 1 ] DEBUG AssetLoaderService   - Loading from file system: /assets/ui/fonts/lucida_console.ttf
15:53:48.507 [FXGL Background Thread 1 ] DEBUG AssetLoaderService   - Loading from file system: /assets/ui/fonts/Courier-Prime.ttf
15:53:48.622 [JavaFX Application Thread] DEBUG Input                - Registered new binding: Up 1 - W
15:53:48.622 [JavaFX Application Thread] DEBUG Input                - Registered new binding: Down 1 - S
15:53:48.623 [JavaFX Application Thread] DEBUG Input                - Registered new binding: Up 2 - Up
15:53:48.623 [JavaFX Application Thread] DEBUG Input                - Registered new binding: Down 2 - Down
15:53:48.623 [JavaFX Application Thread] DEBUG AssetLoaderService   - Loading from file system: /assets/textures/fxgl_icon.png
15:53:48.687 [JavaFX Application Thread] DEBUG AssetLoaderService   - Loading from file system: /assets/ui/cursors/fxgl_default.png
15:53:48.691 [JavaFX Application Thread] DEBUG Input                - Registered new binding: Screenshot - P
15:53:48.692 [JavaFX Application Thread] DEBUG Input                - Registered new binding: System info dump - CTRL+9
15:53:48.692 [JavaFX Application Thread] DEBUG Input                - Registered new binding: Restart - CTRL+R
15:53:48.693 [JavaFX Application Thread] DEBUG LoopRunner           - Starting loop
15:53:48.709 [JavaFX Application Thread] DEBUG FXGLStartupScene     - STARTUP
15:53:48.709 [JavaFX Application Thread] DEBUG WindowService        - Starting new game
15:53:48.710 [JavaFX Application Thread] DEBUG Input                - Clearing active input actions
15:53:48.720 [JavaFX Application Thread] DEBUG WindowService        - Removing overlay from FXGLStartupScene and adding to FXGLLoadingScene
15:53:48.720 [JavaFX Application Thread] DEBUG MainWindow           - FXGLStartupScene -> FXGLLoadingScene
15:53:48.720 [JavaFX Application Thread] DEBUG WindowService        - Clearing previous game
15:53:48.720 [JavaFX Application Thread] DEBUG GameScene            - Clearing game scene
15:53:48.720 [JavaFX Application Thread] DEBUG GameWorld            - Clearing game world
15:53:48.720 [JavaFX Application Thread] DEBUG PhysicsWorld         - Clearing physics world
15:53:48.721 [FXGL Background Thread 1 ] DEBUG GameApplication      - Initializing game
15:53:48.735 [FXGL Background Thread 1 ] INFO  GameApplication      - Game initialization took: 0.013 sec
15:53:48.833 [JavaFX Application Thread] DEBUG Input                - Clearing active input actions
15:53:48.846 [JavaFX Application Thread] DEBUG WindowService        - Removing overlay from FXGLLoadingScene and adding to GameScene
15:53:48.846 [JavaFX Application Thread] DEBUG MainWindow           - FXGLLoadingScene -> GameScene
15:53:51.465 [FXGL Background Thread 2 ] DEBUG Engine               - Logging environment variables
15:53:51.466 [FXGL Background Thread 2 ] DEBUG Engine               - achievements: []
15:53:51.466 [FXGL Background Thread 2 ] DEBUG Engine               - appIcon: fxgl_icon.png
15:53:51.467 [FXGL Background Thread 2 ] DEBUG Engine               - applicationMode: DEVELOPER
15:53:51.467 [FXGL Background Thread 2 ] DEBUG Engine               - cSSList: [fxgl_dark.css]
15:53:51.467 [FXGL Background Thread 2 ] DEBUG Engine               - configClass: Optional.empty
15:53:51.467 [FXGL Background Thread 2 ] DEBUG Engine               - credits: []
15:53:51.468 [FXGL Background Thread 2 ] DEBUG Engine               - devBBoxColorProperty: ObjectProperty [value: 0xff0000ff]
15:53:51.468 [FXGL Background Thread 2 ] DEBUG Engine               - devSensorColorProperty: ObjectProperty [value: 0xffff00ff]
15:53:51.468 [FXGL Background Thread 2 ] DEBUG Engine               - devShowBBoxProperty: BooleanProperty [value: false]
15:53:51.469 [FXGL Background Thread 2 ] DEBUG Engine               - devShowPositionProperty: BooleanProperty [value: false]
15:53:51.469 [FXGL Background Thread 2 ] DEBUG Engine               - enabledMenuItems: []
15:53:51.469 [FXGL Background Thread 2 ] DEBUG Engine               - engineServices: [class com.almasb.fxgl.app.GameApplication$GameApplicationService, class com.almasb.fxgl.app.services.WindowService, class com.almasb.fxgl.app.services.FXGLDialogService, class com.almasb.fxgl.app.services.IOTaskExecutorService, class com.almasb.fxgl.event.EventBusService, class com.almasb.fxgl.io.FileSystemService, class com.almasb.fxgl.localization.LocalizationService, class com.almasb.fxgl.app.services.AssetLoaderService, class com.almasb.fxgl.app.services.SystemBundleService, class com.almasb.fxgl.profile.SaveLoadService, class com.almasb.fxgl.ui.FXGLUIFactoryServiceProvider, class com.almasb.fxgl.ui.FXGLDialogFactoryServiceProvider, class com.almasb.fxgl.audio.AudioPlayer, class com.almasb.fxgl.notification.impl.NotificationServiceProvider, class com.almasb.fxgl.achievement.AchievementService, class com.almasb.fxgl.cutscene.CutsceneService, class com.almasb.fxgl.minigames.MiniGameService, class com.almasb.fxgl.net.NetService, class com.almasb.fxgl.app.services.UpdaterService, class com.almasb.fxgl.dev.DevService]
15:53:51.469 [FXGL Background Thread 2 ] DEBUG Engine               - fontGame: Abel-Regular.ttf
15:53:51.470 [FXGL Background Thread 2 ] DEBUG Engine               - fontMono: lucida_console.ttf
15:53:51.470 [FXGL Background Thread 2 ] DEBUG Engine               - fontText: Courier-Prime.ttf
15:53:51.470 [FXGL Background Thread 2 ] DEBUG Engine               - fontUI: VarelaRound-Regular.ttf
15:53:51.470 [FXGL Background Thread 2 ] DEBUG Engine               - fullScreen: BooleanProperty [value: false]
15:53:51.471 [FXGL Background Thread 2 ] DEBUG Engine               - gameDifficulty: MEDIUM
15:53:51.471 [FXGL Background Thread 2 ] DEBUG Engine               - gameDifficultyProperty: ObjectProperty [value: MEDIUM]
15:53:51.471 [FXGL Background Thread 2 ] DEBUG Engine               - globalMusicVolume: 0.5
15:53:51.471 [FXGL Background Thread 2 ] DEBUG Engine               - globalMusicVolumeProperty: DoubleProperty [value: 0.5]
15:53:51.472 [FXGL Background Thread 2 ] DEBUG Engine               - globalSoundVolume: 0.5
15:53:51.472 [FXGL Background Thread 2 ] DEBUG Engine               - globalSoundVolumeProperty: DoubleProperty [value: 0.5]
15:53:51.472 [FXGL Background Thread 2 ] DEBUG Engine               - height: 600
15:53:51.472 [FXGL Background Thread 2 ] DEBUG Engine               - isAndroid: false
15:53:51.473 [FXGL Background Thread 2 ] DEBUG Engine               - isBrowser: false
15:53:51.473 [FXGL Background Thread 2 ] DEBUG Engine               - isClickFeedbackEnabled: false
15:53:51.473 [FXGL Background Thread 2 ] DEBUG Engine               - isCloseConfirmation: false
15:53:51.474 [FXGL Background Thread 2 ] DEBUG Engine               - isDesktop: true
15:53:51.474 [FXGL Background Thread 2 ] DEBUG Engine               - isDeveloperMenuEnabled: false
15:53:51.474 [FXGL Background Thread 2 ] DEBUG Engine               - isExperimentalNative: false
15:53:51.474 [FXGL Background Thread 2 ] DEBUG Engine               - isExperimentalTiledLargeMap: false
15:53:51.474 [FXGL Background Thread 2 ] DEBUG Engine               - isFullScreenAllowed: false
15:53:51.474 [FXGL Background Thread 2 ] DEBUG Engine               - isFullScreenFromStart: false
15:53:51.474 [FXGL Background Thread 2 ] DEBUG Engine               - isGameMenuEnabled: true
15:53:51.474 [FXGL Background Thread 2 ] DEBUG Engine               - isIOS: false
15:53:51.474 [FXGL Background Thread 2 ] DEBUG Engine               - isIntroEnabled: false
15:53:51.475 [FXGL Background Thread 2 ] DEBUG Engine               - isLinux: true
15:53:51.475 [FXGL Background Thread 2 ] DEBUG Engine               - isMac: false
15:53:51.475 [FXGL Background Thread 2 ] DEBUG Engine               - isMainMenuEnabled: false
15:53:51.475 [FXGL Background Thread 2 ] DEBUG Engine               - isManualResizeEnabled: false
15:53:51.475 [FXGL Background Thread 2 ] DEBUG Engine               - isMobile: false
15:53:51.475 [FXGL Background Thread 2 ] DEBUG Engine               - isPreserveResizeRatio: false
15:53:51.475 [FXGL Background Thread 2 ] DEBUG Engine               - isProfilingEnabled: false
15:53:51.475 [FXGL Background Thread 2 ] DEBUG Engine               - isSingleStep: false
15:53:51.475 [FXGL Background Thread 2 ] DEBUG Engine               - isUserProfileEnabled: false
15:53:51.475 [FXGL Background Thread 2 ] DEBUG Engine               - isWindows: false
15:53:51.475 [FXGL Background Thread 2 ] DEBUG Engine               - language: ObjectProperty [value: ENGLISH]
15:53:51.476 [FXGL Background Thread 2 ] DEBUG Engine               - mainWindow: com.almasb.fxgl.app.MainWindow@26ffcf2c
15:53:51.476 [FXGL Background Thread 2 ] DEBUG Engine               - menuKey: ESCAPE
15:53:51.476 [FXGL Background Thread 2 ] DEBUG Engine               - notificationViewClass: class com.almasb.fxgl.notification.view.XboxNotificationView
15:53:51.476 [FXGL Background Thread 2 ] DEBUG Engine               - pixelsPerMeter: 50.0
15:53:51.476 [FXGL Background Thread 2 ] DEBUG Engine               - platform: LINUX
15:53:51.476 [FXGL Background Thread 2 ] DEBUG Engine               - profileDir: profiles/
15:53:51.476 [FXGL Background Thread 2 ] DEBUG Engine               - profileName: StringProperty [value: DEFAULT]
15:53:51.476 [FXGL Background Thread 2 ] DEBUG Engine               - randomSeed: -1
15:53:51.476 [FXGL Background Thread 2 ] DEBUG Engine               - runtimeInfo: RuntimeInfo(platform=LINUX, version=11.9, build=27.05.2020 17.06)
15:53:51.476 [FXGL Background Thread 2 ] DEBUG Engine               - saveFileExt: sav
15:53:51.476 [FXGL Background Thread 2 ] DEBUG Engine               - sceneFactory: com.almasb.fxgl.app.scene.SceneFactory@22c05f2b
15:53:51.476 [FXGL Background Thread 2 ] DEBUG Engine               - secondsIn24h: 60
15:53:51.477 [FXGL Background Thread 2 ] DEBUG Engine               - settings: Title: Pong Game
Version: 0.0
Width: 800
Height: 600
Fullscreen: false
Intro: false
Profiling: false
Single step:false
App Mode: DEVELOPER
Menu Key: ESCAPE
Stage Style: DECORATED
Scene Factory: class com.almasb.fxgl.app.scene.SceneFactory

15:53:51.477 [FXGL Background Thread 2 ] DEBUG Engine               - soundMenuBack: menu/back.wav
15:53:51.477 [FXGL Background Thread 2 ] DEBUG Engine               - soundMenuPress: menu/press.wav
15:53:51.477 [FXGL Background Thread 2 ] DEBUG Engine               - soundMenuSelect: menu/select.wav
15:53:51.477 [FXGL Background Thread 2 ] DEBUG Engine               - soundNotification: core/notification.wav
15:53:51.477 [FXGL Background Thread 2 ] DEBUG Engine               - stageStyle: DECORATED
15:53:51.477 [FXGL Background Thread 2 ] DEBUG Engine               - supportedLanguages: [ENGLISH, FRENCH, GERMAN, HUNGARIAN, RUSSIAN]
15:53:51.477 [FXGL Background Thread 2 ] DEBUG Engine               - title: Pong Game
15:53:51.477 [FXGL Background Thread 2 ] DEBUG Engine               - urlGithub: https://github.com/AlmasB/FXGL
15:53:51.477 [FXGL Background Thread 2 ] DEBUG Engine               - urlLeaderboard: http://fxgl-top.herokuapp.com/
15:53:51.477 [FXGL Background Thread 2 ] DEBUG Engine               - urlPOM: https://raw.githubusercontent.com/AlmasB/FXGL/master/pom.xml
15:53:51.477 [FXGL Background Thread 2 ] DEBUG Engine               - version: 0.0
15:53:51.477 [FXGL Background Thread 2 ] DEBUG Engine               - versionCheckDays: 7
15:53:51.477 [FXGL Background Thread 2 ] DEBUG Engine               - width: 800
15:53:51.478 [FXGL Background Thread 2 ] DEBUG Engine               - Logging services
15:53:51.478 [FXGL Background Thread 2 ] DEBUG Engine               - class com.almasb.fxgl.app.GameApplication$GameApplicationService
15:53:51.478 [FXGL Background Thread 2 ] DEBUG Engine               - class com.almasb.fxgl.app.services.WindowService
15:53:51.478 [FXGL Background Thread 2 ] DEBUG Engine               - class com.almasb.fxgl.app.services.FXGLDialogService
15:53:51.478 [FXGL Background Thread 2 ] DEBUG Engine               - class com.almasb.fxgl.app.services.IOTaskExecutorService
15:53:51.478 [FXGL Background Thread 2 ] DEBUG Engine               - class com.almasb.fxgl.event.EventBusService
15:53:51.478 [FXGL Background Thread 2 ] DEBUG Engine               - class com.almasb.fxgl.io.FileSystemService
15:53:51.478 [FXGL Background Thread 2 ] DEBUG Engine               - class com.almasb.fxgl.localization.LocalizationService
15:53:51.478 [FXGL Background Thread 2 ] DEBUG Engine               - class com.almasb.fxgl.app.services.AssetLoaderService
15:53:51.478 [FXGL Background Thread 2 ] DEBUG Engine               - class com.almasb.fxgl.app.services.SystemBundleService
15:53:51.478 [FXGL Background Thread 2 ] DEBUG Engine               - class com.almasb.fxgl.profile.SaveLoadService
15:53:51.478 [FXGL Background Thread 2 ] DEBUG Engine               - class com.almasb.fxgl.ui.FXGLUIFactoryServiceProvider
15:53:51.478 [FXGL Background Thread 2 ] DEBUG Engine               - class com.almasb.fxgl.ui.FXGLDialogFactoryServiceProvider
15:53:51.478 [FXGL Background Thread 2 ] DEBUG Engine               - class com.almasb.fxgl.audio.AudioPlayer
15:53:51.478 [FXGL Background Thread 2 ] DEBUG Engine               - class com.almasb.fxgl.notification.impl.NotificationServiceProvider
15:53:51.479 [FXGL Background Thread 2 ] DEBUG Engine               - class com.almasb.fxgl.achievement.AchievementService
15:53:51.479 [FXGL Background Thread 2 ] DEBUG Engine               - class com.almasb.fxgl.cutscene.CutsceneService
15:53:51.479 [FXGL Background Thread 2 ] DEBUG Engine               - class com.almasb.fxgl.minigames.MiniGameService
15:53:51.479 [FXGL Background Thread 2 ] DEBUG Engine               - class com.almasb.fxgl.net.NetService
15:53:51.479 [FXGL Background Thread 2 ] DEBUG Engine               - class com.almasb.fxgl.app.services.UpdaterService
15:53:51.479 [FXGL Background Thread 2 ] DEBUG Engine               - class com.almasb.fxgl.dev.DevService
15:53:54.195 [JavaFX Application Thread] DEBUG GameApplication      - Exiting FXGL
15:53:54.195 [JavaFX Application Thread] DEBUG LoopRunner           - Stopping loop
15:53:54.195 [JavaFX Application Thread] DEBUG SystemBundleService  - Saving FXGL system data
15:53:54.198 [JavaFX Application Thread] DEBUG FileSystemAccess     - Writing to: /home/luke/dev/Pracitce Programs--Games/Pong/system/fxgl.bundle
15:53:54.201 [JavaFX Application Thread] DEBUG GameApplication      - Shutting down background threads
15:53:54.201 [JavaFX Application Thread] DEBUG GameApplication      - Closing logger and exiting JavaFX
