14:15:09.156 [main                     ] DEBUG GameApplication      - Logger initialized
14:15:09.161 [main                     ] DEBUG GameApplication      - Logging settings
Title: Pong Game
Version: 0.0
Width: 800
Height: 600
Fullscreen: false
Intro: false
Profiling: false
Single step:false
App Mode: DEVELOPER
Menu Key: ESCAPE
Stage Style: DECORATED
Scene Factory: class com.almasb.fxgl.app.scene.SceneFactory

14:15:09.515 [JavaFX Application Thread] DEBUG GameApplication      - Initializing FXGL
14:15:09.522 [JavaFX Application Thread] INFO  Engine               - FXGL-11.9 (27.05.2020 17.06) on LINUX (J:14.0.2 FX:13.0.2)
14:15:09.522 [JavaFX Application Thread] DEBUG Engine               - JRE Vendor Name: Oracle Corporation
14:15:09.522 [JavaFX Application Thread] DEBUG Engine               - Running on OS: Linux version 5.3.0-51-generic
14:15:09.523 [JavaFX Application Thread] DEBUG Engine               - Architecture: amd64
14:15:09.523 [JavaFX Application Thread] INFO  Engine               - Source code and latest versions at: https://github.com/AlmasB/FXGL
14:15:09.523 [JavaFX Application Thread] INFO  Engine               -              Join the FXGL chat at: https://gitter.im/AlmasB/FXGL
14:15:09.607 [JavaFX Application Thread] DEBUG MainWindow           - Creating a JavaFX scene
14:15:09.661 [JavaFX Application Thread] DEBUG MainWindow           - Target settings size: 800.0 x 600.0
14:15:09.661 [JavaFX Application Thread] DEBUG MainWindow           - Scaled scene size:    800.0 x 600.0
14:15:09.661 [JavaFX Application Thread] DEBUG MainWindow           - Scaled ratio: (1.0, 1.0)
14:15:09.662 [JavaFX Application Thread] DEBUG MainWindow           - Set initial scene to FXGLStartupScene
14:15:09.667 [JavaFX Application Thread] DEBUG MainWindow           - Opening main window
14:15:09.697 [JavaFX Application Thread] DEBUG MainWindow           - Window border size: (2.0, 29.0)
14:15:09.697 [JavaFX Application Thread] DEBUG MainWindow           - Scaled size: 800.0 x 600.0
14:15:09.697 [JavaFX Application Thread] DEBUG MainWindow           - Scaled ratio: (1.0, 1.0)
14:15:09.697 [JavaFX Application Thread] DEBUG MainWindow           - Scene size: 800.0 x 600.0
14:15:09.697 [JavaFX Application Thread] DEBUG MainWindow           - Stage size: 802.0 x 629.0
14:15:09.703 [FXGL Background Thread 1 ] DEBUG Engine               - Initializing environment variables
14:15:09.724 [FXGL Background Thread 1 ] DEBUG WindowService        - Applying CSS: fxgl_dark.css
14:15:09.725 [FXGL Background Thread 1 ] DEBUG AssetLoaderService   - Loading from file system: /assets/ui/css/fxgl_dark.css
14:15:09.766 [FXGL Background Thread 1 ] DEBUG WindowService        - Initializing application scenes
14:15:09.799 [FXGL Background Thread 1 ] DEBUG GameWorld            - Game world initialized
14:15:09.821 [FXGL Background Thread 1 ] DEBUG PhysicsWorld         - Physics world initialized: appHeight=600, physics.ppm=50.0
14:15:09.823 [FXGL Background Thread 1 ] DEBUG GameScene            - Game scene initialized: 800x600
14:15:09.845 [FXGL Background Thread 1 ] DEBUG AssetLoaderService   - Loading from file system: /assets/textures/particles/trace_horizontal.png
14:15:09.900 [FXGL Background Thread 1 ] DEBUG FXGL.DefaultMenu     - createMenuBodyGameMenu()
14:15:09.912 [FXGL Background Thread 1 ] DEBUG FXGL.DefaultMenu     - createOptionsMenu()
14:15:09.916 [FXGL Background Thread 1 ] DEBUG AssetLoaderService   - Loading from file system: /assets/textures/particles/smoke.png
14:15:09.990 [FXGL Background Thread 1 ] DEBUG WindowService        - Application scenes initialized
14:15:09.999 [FXGL Background Thread 1 ] DEBUG SystemBundleService  - Loading FXGL system data
14:15:10.001 [FXGL Background Thread 1 ] DEBUG FileSystemAccess     - Reading from: /home/luke/dev/Pracitce Programs--Games/Pong/system/fxgl.bundle
14:15:10.008 [FXGL Background Thread 1 ] DEBUG SystemBundleService  - Bundle FXGL: {}
14:15:10.008 [FXGL Background Thread 1 ] INFO  Engine               - FXGL initialization took: 0.303 sec
14:15:10.010 [FXGL Background Thread 1 ] DEBUG GameApplication      - Loading localizations
14:15:10.011 [FXGL Background Thread 1 ] DEBUG AssetLoaderService   - Loading from file system: /assets/languages/english.lang
14:15:10.023 [FXGL Background Thread 1 ] DEBUG AssetLoaderService   - Loading from file system: /assets/languages/french.lang
14:15:10.026 [FXGL Background Thread 1 ] DEBUG AssetLoaderService   - Loading from file system: /assets/languages/german.lang
14:15:10.028 [FXGL Background Thread 1 ] DEBUG AssetLoaderService   - Loading from file system: /assets/languages/hungarian.lang
14:15:10.033 [FXGL Background Thread 1 ] DEBUG AssetLoaderService   - Loading from file system: /assets/languages/russian.lang
14:15:10.036 [FXGL Background Thread 1 ] DEBUG GameApplication      - Registering font factories with UI factory
14:15:10.036 [FXGL Background Thread 1 ] DEBUG AssetLoaderService   - Loading from file system: /assets/ui/fonts/VarelaRound-Regular.ttf
14:15:10.043 [FXGL Background Thread 1 ] DEBUG AssetLoaderService   - Loading from file system: /assets/ui/fonts/Abel-Regular.ttf
14:15:10.045 [FXGL Background Thread 1 ] DEBUG AssetLoaderService   - Loading from file system: /assets/ui/fonts/lucida_console.ttf
14:15:10.047 [FXGL Background Thread 1 ] DEBUG AssetLoaderService   - Loading from file system: /assets/ui/fonts/Courier-Prime.ttf
14:15:10.057 [JavaFX Application Thread] DEBUG Input                - Registered new binding: Up 1 - W
14:15:10.057 [JavaFX Application Thread] DEBUG Input                - Registered new binding: Down 1 - S
14:15:10.058 [JavaFX Application Thread] DEBUG Input                - Registered new binding: Up 2 - Up
14:15:10.058 [JavaFX Application Thread] DEBUG Input                - Registered new binding: Down 2 - Down
14:15:10.058 [JavaFX Application Thread] DEBUG AssetLoaderService   - Loading from file system: /assets/textures/fxgl_icon.png
14:15:10.083 [JavaFX Application Thread] DEBUG AssetLoaderService   - Loading from file system: /assets/ui/cursors/fxgl_default.png
14:15:10.085 [JavaFX Application Thread] DEBUG Input                - Registered new binding: Screenshot - P
14:15:10.086 [JavaFX Application Thread] DEBUG Input                - Registered new binding: System info dump - CTRL+9
14:15:10.086 [JavaFX Application Thread] DEBUG Input                - Registered new binding: Restart - CTRL+R
14:15:10.086 [JavaFX Application Thread] DEBUG LoopRunner           - Starting loop
14:15:10.090 [JavaFX Application Thread] DEBUG FXGLStartupScene     - STARTUP
14:15:10.091 [JavaFX Application Thread] DEBUG WindowService        - Starting new game
14:15:10.091 [JavaFX Application Thread] DEBUG Input                - Clearing active input actions
14:15:10.100 [JavaFX Application Thread] DEBUG WindowService        - Removing overlay from FXGLStartupScene and adding to FXGLLoadingScene
14:15:10.100 [JavaFX Application Thread] DEBUG MainWindow           - FXGLStartupScene -> FXGLLoadingScene
14:15:10.101 [JavaFX Application Thread] DEBUG WindowService        - Clearing previous game
14:15:10.101 [JavaFX Application Thread] DEBUG GameScene            - Clearing game scene
14:15:10.101 [JavaFX Application Thread] DEBUG GameWorld            - Clearing game world
14:15:10.101 [JavaFX Application Thread] DEBUG PhysicsWorld         - Clearing physics world
14:15:10.102 [FXGL Background Thread 1 ] DEBUG GameApplication      - Initializing game
14:15:10.118 [FXGL Background Thread 1 ] INFO  GameApplication      - Game initialization took: 0.016 sec
14:15:10.176 [JavaFX Application Thread] DEBUG Input                - Clearing active input actions
14:15:10.192 [JavaFX Application Thread] DEBUG WindowService        - Removing overlay from FXGLLoadingScene and adding to GameScene
14:15:10.192 [JavaFX Application Thread] DEBUG MainWindow           - FXGLLoadingScene -> GameScene
14:15:13.010 [FXGL Background Thread 2 ] DEBUG Engine               - Logging environment variables
14:15:13.011 [FXGL Background Thread 2 ] DEBUG Engine               - achievements: []
14:15:13.011 [FXGL Background Thread 2 ] DEBUG Engine               - appIcon: fxgl_icon.png
14:15:13.012 [FXGL Background Thread 2 ] DEBUG Engine               - applicationMode: DEVELOPER
14:15:13.012 [FXGL Background Thread 2 ] DEBUG Engine               - cSSList: [fxgl_dark.css]
14:15:13.012 [FXGL Background Thread 2 ] DEBUG Engine               - configClass: Optional.empty
14:15:13.012 [FXGL Background Thread 2 ] DEBUG Engine               - credits: []
14:15:13.013 [FXGL Background Thread 2 ] DEBUG Engine               - devBBoxColorProperty: ObjectProperty [value: 0xff0000ff]
14:15:13.013 [FXGL Background Thread 2 ] DEBUG Engine               - devSensorColorProperty: ObjectProperty [value: 0xffff00ff]
14:15:13.014 [FXGL Background Thread 2 ] DEBUG Engine               - devShowBBoxProperty: BooleanProperty [value: false]
14:15:13.014 [FXGL Background Thread 2 ] DEBUG Engine               - devShowPositionProperty: BooleanProperty [value: false]
14:15:13.014 [FXGL Background Thread 2 ] DEBUG Engine               - enabledMenuItems: []
14:15:13.014 [FXGL Background Thread 2 ] DEBUG Engine               - engineServices: [class com.almasb.fxgl.app.GameApplication$GameApplicationService, class com.almasb.fxgl.app.services.WindowService, class com.almasb.fxgl.app.services.FXGLDialogService, class com.almasb.fxgl.app.services.IOTaskExecutorService, class com.almasb.fxgl.event.EventBusService, class com.almasb.fxgl.io.FileSystemService, class com.almasb.fxgl.localization.LocalizationService, class com.almasb.fxgl.app.services.AssetLoaderService, class com.almasb.fxgl.app.services.SystemBundleService, class com.almasb.fxgl.profile.SaveLoadService, class com.almasb.fxgl.ui.FXGLUIFactoryServiceProvider, class com.almasb.fxgl.ui.FXGLDialogFactoryServiceProvider, class com.almasb.fxgl.audio.AudioPlayer, class com.almasb.fxgl.notification.impl.NotificationServiceProvider, class com.almasb.fxgl.achievement.AchievementService, class com.almasb.fxgl.cutscene.CutsceneService, class com.almasb.fxgl.minigames.MiniGameService, class com.almasb.fxgl.net.NetService, class com.almasb.fxgl.app.services.UpdaterService, class com.almasb.fxgl.dev.DevService]
14:15:13.015 [FXGL Background Thread 2 ] DEBUG Engine               - fontGame: Abel-Regular.ttf
14:15:13.015 [FXGL Background Thread 2 ] DEBUG Engine               - fontMono: lucida_console.ttf
14:15:13.015 [FXGL Background Thread 2 ] DEBUG Engine               - fontText: Courier-Prime.ttf
14:15:13.015 [FXGL Background Thread 2 ] DEBUG Engine               - fontUI: VarelaRound-Regular.ttf
14:15:13.015 [FXGL Background Thread 2 ] DEBUG Engine               - fullScreen: BooleanProperty [value: false]
14:15:13.016 [FXGL Background Thread 2 ] DEBUG Engine               - gameDifficulty: MEDIUM
14:15:13.016 [FXGL Background Thread 2 ] DEBUG Engine               - gameDifficultyProperty: ObjectProperty [value: MEDIUM]
14:15:13.016 [FXGL Background Thread 2 ] DEBUG Engine               - globalMusicVolume: 0.5
14:15:13.016 [FXGL Background Thread 2 ] DEBUG Engine               - globalMusicVolumeProperty: DoubleProperty [value: 0.5]
14:15:13.017 [FXGL Background Thread 2 ] DEBUG Engine               - globalSoundVolume: 0.5
14:15:13.017 [FXGL Background Thread 2 ] DEBUG Engine               - globalSoundVolumeProperty: DoubleProperty [value: 0.5]
14:15:13.017 [FXGL Background Thread 2 ] DEBUG Engine               - height: 600
14:15:13.017 [FXGL Background Thread 2 ] DEBUG Engine               - isAndroid: false
14:15:13.017 [FXGL Background Thread 2 ] DEBUG Engine               - isBrowser: false
14:15:13.017 [FXGL Background Thread 2 ] DEBUG Engine               - isClickFeedbackEnabled: false
14:15:13.017 [FXGL Background Thread 2 ] DEBUG Engine               - isCloseConfirmation: false
14:15:13.018 [FXGL Background Thread 2 ] DEBUG Engine               - isDesktop: true
14:15:13.018 [FXGL Background Thread 2 ] DEBUG Engine               - isDeveloperMenuEnabled: false
14:15:13.018 [FXGL Background Thread 2 ] DEBUG Engine               - isExperimentalNative: false
14:15:13.018 [FXGL Background Thread 2 ] DEBUG Engine               - isExperimentalTiledLargeMap: false
14:15:13.018 [FXGL Background Thread 2 ] DEBUG Engine               - isFullScreenAllowed: false
14:15:13.018 [FXGL Background Thread 2 ] DEBUG Engine               - isFullScreenFromStart: false
14:15:13.018 [FXGL Background Thread 2 ] DEBUG Engine               - isGameMenuEnabled: true
14:15:13.018 [FXGL Background Thread 2 ] DEBUG Engine               - isIOS: false
14:15:13.019 [FXGL Background Thread 2 ] DEBUG Engine               - isIntroEnabled: false
14:15:13.019 [FXGL Background Thread 2 ] DEBUG Engine               - isLinux: true
14:15:13.019 [FXGL Background Thread 2 ] DEBUG Engine               - isMac: false
14:15:13.019 [FXGL Background Thread 2 ] DEBUG Engine               - isMainMenuEnabled: false
14:15:13.019 [FXGL Background Thread 2 ] DEBUG Engine               - isManualResizeEnabled: false
14:15:13.019 [FXGL Background Thread 2 ] DEBUG Engine               - isMobile: false
14:15:13.019 [FXGL Background Thread 2 ] DEBUG Engine               - isPreserveResizeRatio: false
14:15:13.019 [FXGL Background Thread 2 ] DEBUG Engine               - isProfilingEnabled: false
14:15:13.019 [FXGL Background Thread 2 ] DEBUG Engine               - isSingleStep: false
14:15:13.019 [FXGL Background Thread 2 ] DEBUG Engine               - isUserProfileEnabled: false
14:15:13.020 [FXGL Background Thread 2 ] DEBUG Engine               - isWindows: false
14:15:13.020 [FXGL Background Thread 2 ] DEBUG Engine               - language: ObjectProperty [value: ENGLISH]
14:15:13.020 [FXGL Background Thread 2 ] DEBUG Engine               - mainWindow: com.almasb.fxgl.app.MainWindow@7c407ba2
14:15:13.020 [FXGL Background Thread 2 ] DEBUG Engine               - menuKey: ESCAPE
14:15:13.020 [FXGL Background Thread 2 ] DEBUG Engine               - notificationViewClass: class com.almasb.fxgl.notification.view.XboxNotificationView
14:15:13.020 [FXGL Background Thread 2 ] DEBUG Engine               - pixelsPerMeter: 50.0
14:15:13.020 [FXGL Background Thread 2 ] DEBUG Engine               - platform: LINUX
14:15:13.020 [FXGL Background Thread 2 ] DEBUG Engine               - profileDir: profiles/
14:15:13.020 [FXGL Background Thread 2 ] DEBUG Engine               - profileName: StringProperty [value: DEFAULT]
14:15:13.021 [FXGL Background Thread 2 ] DEBUG Engine               - randomSeed: -1
14:15:13.021 [FXGL Background Thread 2 ] DEBUG Engine               - runtimeInfo: RuntimeInfo(platform=LINUX, version=11.9, build=27.05.2020 17.06)
14:15:13.021 [FXGL Background Thread 2 ] DEBUG Engine               - saveFileExt: sav
14:15:13.021 [FXGL Background Thread 2 ] DEBUG Engine               - sceneFactory: com.almasb.fxgl.app.scene.SceneFactory@787ff0f2
14:15:13.021 [FXGL Background Thread 2 ] DEBUG Engine               - secondsIn24h: 60
14:15:13.021 [FXGL Background Thread 2 ] DEBUG Engine               - settings: Title: Pong Game
Version: 0.0
Width: 800
Height: 600
Fullscreen: false
Intro: false
Profiling: false
Single step:false
App Mode: DEVELOPER
Menu Key: ESCAPE
Stage Style: DECORATED
Scene Factory: class com.almasb.fxgl.app.scene.SceneFactory

14:15:13.021 [FXGL Background Thread 2 ] DEBUG Engine               - soundMenuBack: menu/back.wav
14:15:13.021 [FXGL Background Thread 2 ] DEBUG Engine               - soundMenuPress: menu/press.wav
14:15:13.021 [FXGL Background Thread 2 ] DEBUG Engine               - soundMenuSelect: menu/select.wav
14:15:13.022 [FXGL Background Thread 2 ] DEBUG Engine               - soundNotification: core/notification.wav
14:15:13.022 [FXGL Background Thread 2 ] DEBUG Engine               - stageStyle: DECORATED
14:15:13.022 [FXGL Background Thread 2 ] DEBUG Engine               - supportedLanguages: [ENGLISH, FRENCH, GERMAN, HUNGARIAN, RUSSIAN]
14:15:13.022 [FXGL Background Thread 2 ] DEBUG Engine               - title: Pong Game
14:15:13.022 [FXGL Background Thread 2 ] DEBUG Engine               - urlGithub: https://github.com/AlmasB/FXGL
14:15:13.022 [FXGL Background Thread 2 ] DEBUG Engine               - urlLeaderboard: http://fxgl-top.herokuapp.com/
14:15:13.022 [FXGL Background Thread 2 ] DEBUG Engine               - urlPOM: https://raw.githubusercontent.com/AlmasB/FXGL/master/pom.xml
14:15:13.022 [FXGL Background Thread 2 ] DEBUG Engine               - version: 0.0
14:15:13.022 [FXGL Background Thread 2 ] DEBUG Engine               - versionCheckDays: 7
14:15:13.022 [FXGL Background Thread 2 ] DEBUG Engine               - width: 800
14:15:13.022 [FXGL Background Thread 2 ] DEBUG Engine               - Logging services
14:15:13.023 [FXGL Background Thread 2 ] DEBUG Engine               - class com.almasb.fxgl.app.GameApplication$GameApplicationService
14:15:13.023 [FXGL Background Thread 2 ] DEBUG Engine               - class com.almasb.fxgl.app.services.WindowService
14:15:13.023 [FXGL Background Thread 2 ] DEBUG Engine               - class com.almasb.fxgl.app.services.FXGLDialogService
14:15:13.023 [FXGL Background Thread 2 ] DEBUG Engine               - class com.almasb.fxgl.app.services.IOTaskExecutorService
14:15:13.023 [FXGL Background Thread 2 ] DEBUG Engine               - class com.almasb.fxgl.event.EventBusService
14:15:13.023 [FXGL Background Thread 2 ] DEBUG Engine               - class com.almasb.fxgl.io.FileSystemService
14:15:13.023 [FXGL Background Thread 2 ] DEBUG Engine               - class com.almasb.fxgl.localization.LocalizationService
14:15:13.023 [FXGL Background Thread 2 ] DEBUG Engine               - class com.almasb.fxgl.app.services.AssetLoaderService
14:15:13.023 [FXGL Background Thread 2 ] DEBUG Engine               - class com.almasb.fxgl.app.services.SystemBundleService
14:15:13.023 [FXGL Background Thread 2 ] DEBUG Engine               - class com.almasb.fxgl.profile.SaveLoadService
14:15:13.023 [FXGL Background Thread 2 ] DEBUG Engine               - class com.almasb.fxgl.ui.FXGLUIFactoryServiceProvider
14:15:13.024 [FXGL Background Thread 2 ] DEBUG Engine               - class com.almasb.fxgl.ui.FXGLDialogFactoryServiceProvider
14:15:13.024 [FXGL Background Thread 2 ] DEBUG Engine               - class com.almasb.fxgl.audio.AudioPlayer
14:15:13.024 [FXGL Background Thread 2 ] DEBUG Engine               - class com.almasb.fxgl.notification.impl.NotificationServiceProvider
14:15:13.024 [FXGL Background Thread 2 ] DEBUG Engine               - class com.almasb.fxgl.achievement.AchievementService
14:15:13.024 [FXGL Background Thread 2 ] DEBUG Engine               - class com.almasb.fxgl.cutscene.CutsceneService
14:15:13.024 [FXGL Background Thread 2 ] DEBUG Engine               - class com.almasb.fxgl.minigames.MiniGameService
14:15:13.024 [FXGL Background Thread 2 ] DEBUG Engine               - class com.almasb.fxgl.net.NetService
14:15:13.024 [FXGL Background Thread 2 ] DEBUG Engine               - class com.almasb.fxgl.app.services.UpdaterService
14:15:13.024 [FXGL Background Thread 2 ] DEBUG Engine               - class com.almasb.fxgl.dev.DevService
14:15:33.025 [JavaFX Application Thread] DEBUG MainWindow           - Push state: FXGLDefaultMenu
14:15:33.031 [JavaFX Application Thread] DEBUG Input                - Clearing active input actions
14:15:33.041 [JavaFX Application Thread] DEBUG WindowService        - Removing overlay from GameScene and adding to FXGLDefaultMenu
14:15:33.042 [JavaFX Application Thread] DEBUG MainWindow           - GameScene -> FXGLDefaultMenu
14:15:36.740 [JavaFX Application Thread] DEBUG Menu                 - createContentGameplay()
14:15:38.001 [JavaFX Application Thread] DEBUG Menu                 - createContentControls()
14:15:44.086 [JavaFX Application Thread] DEBUG Menu                 - createContentVideo()
14:15:45.359 [JavaFX Application Thread] DEBUG Menu                 - createContentAudio()
14:15:47.533 [JavaFX Application Thread] DEBUG MainWindow           - Push state: DialogSubScene
14:15:47.533 [JavaFX Application Thread] DEBUG Input                - Clearing active input actions
14:15:47.536 [JavaFX Application Thread] DEBUG WindowService        - Removing overlay from FXGLDefaultMenu and adding to DialogSubScene
14:15:47.536 [JavaFX Application Thread] DEBUG MainWindow           - FXGLDefaultMenu -> DialogSubScene
14:15:48.890 [JavaFX Application Thread] DEBUG MainWindow           - Pop state: DialogSubScene
14:15:48.890 [JavaFX Application Thread] DEBUG Input                - Clearing active input actions
14:15:48.891 [JavaFX Application Thread] DEBUG WindowService        - Removing overlay from DialogSubScene and adding to FXGLDefaultMenu
14:15:48.892 [JavaFX Application Thread] DEBUG MainWindow           - FXGLDefaultMenu <- DialogSubScene
14:15:51.119 [JavaFX Application Thread] DEBUG Menu                 - fireExit()
14:15:51.121 [JavaFX Application Thread] DEBUG MainWindow           - Push state: DialogSubScene
14:15:51.121 [JavaFX Application Thread] DEBUG Input                - Clearing active input actions
14:15:51.122 [JavaFX Application Thread] DEBUG WindowService        - Removing overlay from FXGLDefaultMenu and adding to DialogSubScene
14:15:51.123 [JavaFX Application Thread] DEBUG MainWindow           - FXGLDefaultMenu -> DialogSubScene
14:15:51.847 [JavaFX Application Thread] DEBUG MainWindow           - Pop state: DialogSubScene
14:15:51.847 [JavaFX Application Thread] DEBUG Input                - Clearing active input actions
14:15:51.848 [JavaFX Application Thread] DEBUG WindowService        - Removing overlay from DialogSubScene and adding to FXGLDefaultMenu
14:15:51.848 [JavaFX Application Thread] DEBUG MainWindow           - FXGLDefaultMenu <- DialogSubScene
14:15:51.848 [JavaFX Application Thread] DEBUG GameApplication      - Exiting FXGL
14:15:51.849 [JavaFX Application Thread] DEBUG LoopRunner           - Stopping loop
14:15:51.849 [JavaFX Application Thread] DEBUG SystemBundleService  - Saving FXGL system data
14:15:51.851 [JavaFX Application Thread] DEBUG FileSystemAccess     - Writing to: /home/luke/dev/Pracitce Programs--Games/Pong/system/fxgl.bundle
14:15:51.854 [JavaFX Application Thread] DEBUG GameApplication      - Shutting down background threads
14:15:51.855 [JavaFX Application Thread] DEBUG GameApplication      - Closing logger and exiting JavaFX
