16:59:45.944 [main                     ] DEBUG GameApplication      - Logger initialized
16:59:45.950 [main                     ] DEBUG GameApplication      - Logging settings
Title: Pong Game
Version: 0.0
Width: 800
Height: 600
Fullscreen: false
Intro: false
Profiling: false
Single step:false
App Mode: DEVELOPER
Menu Key: ESCAPE
Stage Style: DECORATED
Scene Factory: class com.almasb.fxgl.app.scene.SceneFactory

16:59:46.372 [JavaFX Application Thread] DEBUG GameApplication      - Initializing FXGL
16:59:46.378 [JavaFX Application Thread] INFO  Engine               - FXGL-11.9 (27.05.2020 17.06) on LINUX (J:14.0.2 FX:13.0.2)
16:59:46.378 [JavaFX Application Thread] DEBUG Engine               - JRE Vendor Name: Oracle Corporation
16:59:46.379 [JavaFX Application Thread] DEBUG Engine               - Running on OS: Linux version 5.3.0-51-generic
16:59:46.379 [JavaFX Application Thread] DEBUG Engine               - Architecture: amd64
16:59:46.379 [JavaFX Application Thread] INFO  Engine               - Source code and latest versions at: https://github.com/AlmasB/FXGL
16:59:46.379 [JavaFX Application Thread] INFO  Engine               -              Join the FXGL chat at: https://gitter.im/AlmasB/FXGL
16:59:46.468 [JavaFX Application Thread] DEBUG MainWindow           - Creating a JavaFX scene
16:59:46.528 [JavaFX Application Thread] DEBUG MainWindow           - Target settings size: 800.0 x 600.0
16:59:46.528 [JavaFX Application Thread] DEBUG MainWindow           - Scaled scene size:    800.0 x 600.0
16:59:46.528 [JavaFX Application Thread] DEBUG MainWindow           - Scaled ratio: (1.0, 1.0)
16:59:46.529 [JavaFX Application Thread] DEBUG MainWindow           - Set initial scene to FXGLStartupScene
16:59:46.534 [JavaFX Application Thread] DEBUG MainWindow           - Opening main window
16:59:46.566 [JavaFX Application Thread] DEBUG MainWindow           - Window border size: (2.0, 29.0)
16:59:46.566 [JavaFX Application Thread] DEBUG MainWindow           - Scaled size: 800.0 x 600.0
16:59:46.566 [JavaFX Application Thread] DEBUG MainWindow           - Scaled ratio: (1.0, 1.0)
16:59:46.567 [JavaFX Application Thread] DEBUG MainWindow           - Scene size: 800.0 x 600.0
16:59:46.567 [JavaFX Application Thread] DEBUG MainWindow           - Stage size: 802.0 x 629.0
16:59:46.575 [FXGL Background Thread 1 ] DEBUG Engine               - Initializing environment variables
16:59:46.598 [FXGL Background Thread 1 ] DEBUG WindowService        - Applying CSS: fxgl_dark.css
16:59:46.598 [FXGL Background Thread 1 ] DEBUG AssetLoaderService   - Loading from file system: /assets/ui/css/fxgl_dark.css
16:59:46.637 [FXGL Background Thread 1 ] DEBUG WindowService        - Initializing application scenes
16:59:46.664 [FXGL Background Thread 1 ] DEBUG GameWorld            - Game world initialized
16:59:46.687 [FXGL Background Thread 1 ] DEBUG PhysicsWorld         - Physics world initialized: appHeight=600, physics.ppm=50.0
16:59:46.689 [FXGL Background Thread 1 ] DEBUG GameScene            - Game scene initialized: 800x600
16:59:46.709 [FXGL Background Thread 1 ] DEBUG AssetLoaderService   - Loading from file system: /assets/textures/particles/trace_horizontal.png
16:59:46.759 [FXGL Background Thread 1 ] DEBUG FXGL.DefaultMenu     - createMenuBodyGameMenu()
16:59:46.771 [FXGL Background Thread 1 ] DEBUG FXGL.DefaultMenu     - createOptionsMenu()
16:59:46.776 [FXGL Background Thread 1 ] DEBUG AssetLoaderService   - Loading from file system: /assets/textures/particles/smoke.png
16:59:46.833 [FXGL Background Thread 1 ] DEBUG WindowService        - Application scenes initialized
16:59:46.840 [FXGL Background Thread 1 ] DEBUG SystemBundleService  - Loading FXGL system data
16:59:46.842 [FXGL Background Thread 1 ] DEBUG FileSystemAccess     - Reading from: /home/luke/dev/Pracitce Programs--Games/Pong/system/fxgl.bundle
16:59:46.848 [FXGL Background Thread 1 ] DEBUG SystemBundleService  - Bundle FXGL: {}
16:59:46.848 [FXGL Background Thread 1 ] INFO  Engine               - FXGL initialization took: 0.269 sec
16:59:46.850 [FXGL Background Thread 1 ] DEBUG GameApplication      - Loading localizations
16:59:46.850 [FXGL Background Thread 1 ] DEBUG AssetLoaderService   - Loading from file system: /assets/languages/english.lang
16:59:46.860 [FXGL Background Thread 1 ] DEBUG AssetLoaderService   - Loading from file system: /assets/languages/french.lang
16:59:46.863 [FXGL Background Thread 1 ] DEBUG AssetLoaderService   - Loading from file system: /assets/languages/german.lang
16:59:46.865 [FXGL Background Thread 1 ] DEBUG AssetLoaderService   - Loading from file system: /assets/languages/hungarian.lang
16:59:46.869 [FXGL Background Thread 1 ] DEBUG AssetLoaderService   - Loading from file system: /assets/languages/russian.lang
16:59:46.871 [FXGL Background Thread 1 ] DEBUG GameApplication      - Registering font factories with UI factory
16:59:46.872 [FXGL Background Thread 1 ] DEBUG AssetLoaderService   - Loading from file system: /assets/ui/fonts/VarelaRound-Regular.ttf
16:59:46.878 [FXGL Background Thread 1 ] DEBUG AssetLoaderService   - Loading from file system: /assets/ui/fonts/Abel-Regular.ttf
16:59:46.880 [FXGL Background Thread 1 ] DEBUG AssetLoaderService   - Loading from file system: /assets/ui/fonts/lucida_console.ttf
16:59:46.882 [FXGL Background Thread 1 ] DEBUG AssetLoaderService   - Loading from file system: /assets/ui/fonts/Courier-Prime.ttf
16:59:46.920 [JavaFX Application Thread] DEBUG Input                - Registered new binding: Up 1 - W
16:59:46.921 [JavaFX Application Thread] DEBUG Input                - Registered new binding: Down 1 - S
16:59:46.921 [JavaFX Application Thread] DEBUG AssetLoaderService   - Loading from file system: /assets/textures/fxgl_icon.png
16:59:46.952 [JavaFX Application Thread] DEBUG AssetLoaderService   - Loading from file system: /assets/ui/cursors/fxgl_default.png
16:59:46.955 [JavaFX Application Thread] DEBUG Input                - Registered new binding: Screenshot - P
16:59:46.956 [JavaFX Application Thread] DEBUG Input                - Registered new binding: System info dump - CTRL+9
16:59:46.956 [JavaFX Application Thread] DEBUG Input                - Registered new binding: Restart - CTRL+R
16:59:46.956 [JavaFX Application Thread] DEBUG LoopRunner           - Starting loop
16:59:46.965 [JavaFX Application Thread] DEBUG FXGLStartupScene     - STARTUP
16:59:46.965 [JavaFX Application Thread] DEBUG WindowService        - Starting new game
16:59:46.966 [JavaFX Application Thread] DEBUG Input                - Clearing active input actions
16:59:46.983 [JavaFX Application Thread] DEBUG WindowService        - Removing overlay from FXGLStartupScene and adding to FXGLLoadingScene
16:59:46.983 [JavaFX Application Thread] DEBUG MainWindow           - FXGLStartupScene -> FXGLLoadingScene
16:59:46.983 [JavaFX Application Thread] DEBUG WindowService        - Clearing previous game
16:59:46.983 [JavaFX Application Thread] DEBUG GameScene            - Clearing game scene
16:59:46.984 [JavaFX Application Thread] DEBUG GameWorld            - Clearing game world
16:59:46.984 [JavaFX Application Thread] DEBUG PhysicsWorld         - Clearing physics world
16:59:46.985 [FXGL Background Thread 1 ] DEBUG GameApplication      - Initializing game
16:59:46.998 [FXGL Background Thread 1 ] INFO  GameApplication      - Game initialization took: 0.013 sec
16:59:47.097 [JavaFX Application Thread] DEBUG Input                - Clearing active input actions
16:59:47.109 [JavaFX Application Thread] DEBUG WindowService        - Removing overlay from FXGLLoadingScene and adding to GameScene
16:59:47.109 [JavaFX Application Thread] DEBUG MainWindow           - FXGLLoadingScene -> GameScene
16:59:49.849 [FXGL Background Thread 2 ] DEBUG Engine               - Logging environment variables
16:59:49.850 [FXGL Background Thread 2 ] DEBUG Engine               - achievements: []
16:59:49.851 [FXGL Background Thread 2 ] DEBUG Engine               - appIcon: fxgl_icon.png
16:59:49.851 [FXGL Background Thread 2 ] DEBUG Engine               - applicationMode: DEVELOPER
16:59:49.851 [FXGL Background Thread 2 ] DEBUG Engine               - cSSList: [fxgl_dark.css]
16:59:49.852 [FXGL Background Thread 2 ] DEBUG Engine               - configClass: Optional.empty
16:59:49.852 [FXGL Background Thread 2 ] DEBUG Engine               - credits: []
16:59:49.852 [FXGL Background Thread 2 ] DEBUG Engine               - devBBoxColorProperty: ObjectProperty [value: 0xff0000ff]
16:59:49.853 [FXGL Background Thread 2 ] DEBUG Engine               - devSensorColorProperty: ObjectProperty [value: 0xffff00ff]
16:59:49.853 [FXGL Background Thread 2 ] DEBUG Engine               - devShowBBoxProperty: BooleanProperty [value: false]
16:59:49.853 [FXGL Background Thread 2 ] DEBUG Engine               - devShowPositionProperty: BooleanProperty [value: false]
16:59:49.854 [FXGL Background Thread 2 ] DEBUG Engine               - enabledMenuItems: []
16:59:49.854 [FXGL Background Thread 2 ] DEBUG Engine               - engineServices: [class com.almasb.fxgl.app.GameApplication$GameApplicationService, class com.almasb.fxgl.app.services.WindowService, class com.almasb.fxgl.app.services.FXGLDialogService, class com.almasb.fxgl.app.services.IOTaskExecutorService, class com.almasb.fxgl.event.EventBusService, class com.almasb.fxgl.io.FileSystemService, class com.almasb.fxgl.localization.LocalizationService, class com.almasb.fxgl.app.services.AssetLoaderService, class com.almasb.fxgl.app.services.SystemBundleService, class com.almasb.fxgl.profile.SaveLoadService, class com.almasb.fxgl.ui.FXGLUIFactoryServiceProvider, class com.almasb.fxgl.ui.FXGLDialogFactoryServiceProvider, class com.almasb.fxgl.audio.AudioPlayer, class com.almasb.fxgl.notification.impl.NotificationServiceProvider, class com.almasb.fxgl.achievement.AchievementService, class com.almasb.fxgl.cutscene.CutsceneService, class com.almasb.fxgl.minigames.MiniGameService, class com.almasb.fxgl.net.NetService, class com.almasb.fxgl.app.services.UpdaterService, class com.almasb.fxgl.dev.DevService]
16:59:49.854 [FXGL Background Thread 2 ] DEBUG Engine               - fontGame: Abel-Regular.ttf
16:59:49.854 [FXGL Background Thread 2 ] DEBUG Engine               - fontMono: lucida_console.ttf
16:59:49.855 [FXGL Background Thread 2 ] DEBUG Engine               - fontText: Courier-Prime.ttf
16:59:49.855 [FXGL Background Thread 2 ] DEBUG Engine               - fontUI: VarelaRound-Regular.ttf
16:59:49.855 [FXGL Background Thread 2 ] DEBUG Engine               - fullScreen: BooleanProperty [value: false]
16:59:49.855 [FXGL Background Thread 2 ] DEBUG Engine               - gameDifficulty: MEDIUM
16:59:49.856 [FXGL Background Thread 2 ] DEBUG Engine               - gameDifficultyProperty: ObjectProperty [value: MEDIUM]
16:59:49.856 [FXGL Background Thread 2 ] DEBUG Engine               - globalMusicVolume: 0.5
16:59:49.856 [FXGL Background Thread 2 ] DEBUG Engine               - globalMusicVolumeProperty: DoubleProperty [value: 0.5]
16:59:49.856 [FXGL Background Thread 2 ] DEBUG Engine               - globalSoundVolume: 0.5
16:59:49.857 [FXGL Background Thread 2 ] DEBUG Engine               - globalSoundVolumeProperty: DoubleProperty [value: 0.5]
16:59:49.857 [FXGL Background Thread 2 ] DEBUG Engine               - height: 600
16:59:49.857 [FXGL Background Thread 2 ] DEBUG Engine               - isAndroid: false
16:59:49.857 [FXGL Background Thread 2 ] DEBUG Engine               - isBrowser: false
16:59:49.858 [FXGL Background Thread 2 ] DEBUG Engine               - isClickFeedbackEnabled: false
16:59:49.858 [FXGL Background Thread 2 ] DEBUG Engine               - isCloseConfirmation: false
16:59:49.858 [FXGL Background Thread 2 ] DEBUG Engine               - isDesktop: true
16:59:49.858 [FXGL Background Thread 2 ] DEBUG Engine               - isDeveloperMenuEnabled: false
16:59:49.859 [FXGL Background Thread 2 ] DEBUG Engine               - isExperimentalNative: false
16:59:49.859 [FXGL Background Thread 2 ] DEBUG Engine               - isExperimentalTiledLargeMap: false
16:59:49.859 [FXGL Background Thread 2 ] DEBUG Engine               - isFullScreenAllowed: false
16:59:49.859 [FXGL Background Thread 2 ] DEBUG Engine               - isFullScreenFromStart: false
16:59:49.859 [FXGL Background Thread 2 ] DEBUG Engine               - isGameMenuEnabled: true
16:59:49.859 [FXGL Background Thread 2 ] DEBUG Engine               - isIOS: false
16:59:49.859 [FXGL Background Thread 2 ] DEBUG Engine               - isIntroEnabled: false
16:59:49.860 [FXGL Background Thread 2 ] DEBUG Engine               - isLinux: true
16:59:49.860 [FXGL Background Thread 2 ] DEBUG Engine               - isMac: false
16:59:49.860 [FXGL Background Thread 2 ] DEBUG Engine               - isMainMenuEnabled: false
16:59:49.860 [FXGL Background Thread 2 ] DEBUG Engine               - isManualResizeEnabled: false
16:59:49.860 [FXGL Background Thread 2 ] DEBUG Engine               - isMobile: false
16:59:49.860 [FXGL Background Thread 2 ] DEBUG Engine               - isPreserveResizeRatio: false
16:59:49.860 [FXGL Background Thread 2 ] DEBUG Engine               - isProfilingEnabled: false
16:59:49.860 [FXGL Background Thread 2 ] DEBUG Engine               - isSingleStep: false
16:59:49.860 [FXGL Background Thread 2 ] DEBUG Engine               - isUserProfileEnabled: false
16:59:49.860 [FXGL Background Thread 2 ] DEBUG Engine               - isWindows: false
16:59:49.861 [FXGL Background Thread 2 ] DEBUG Engine               - language: ObjectProperty [value: ENGLISH]
16:59:49.861 [FXGL Background Thread 2 ] DEBUG Engine               - mainWindow: com.almasb.fxgl.app.MainWindow@434187c7
16:59:49.861 [FXGL Background Thread 2 ] DEBUG Engine               - menuKey: ESCAPE
16:59:49.861 [FXGL Background Thread 2 ] DEBUG Engine               - notificationViewClass: class com.almasb.fxgl.notification.view.XboxNotificationView
16:59:49.861 [FXGL Background Thread 2 ] DEBUG Engine               - pixelsPerMeter: 50.0
16:59:49.861 [FXGL Background Thread 2 ] DEBUG Engine               - platform: LINUX
16:59:49.861 [FXGL Background Thread 2 ] DEBUG Engine               - profileDir: profiles/
16:59:49.861 [FXGL Background Thread 2 ] DEBUG Engine               - profileName: StringProperty [value: DEFAULT]
16:59:49.861 [FXGL Background Thread 2 ] DEBUG Engine               - randomSeed: -1
16:59:49.861 [FXGL Background Thread 2 ] DEBUG Engine               - runtimeInfo: RuntimeInfo(platform=LINUX, version=11.9, build=27.05.2020 17.06)
16:59:49.861 [FXGL Background Thread 2 ] DEBUG Engine               - saveFileExt: sav
16:59:49.862 [FXGL Background Thread 2 ] DEBUG Engine               - sceneFactory: com.almasb.fxgl.app.scene.SceneFactory@477e1b77
16:59:49.862 [FXGL Background Thread 2 ] DEBUG Engine               - secondsIn24h: 60
16:59:49.862 [FXGL Background Thread 2 ] DEBUG Engine               - settings: Title: Pong Game
Version: 0.0
Width: 800
Height: 600
Fullscreen: false
Intro: false
Profiling: false
Single step:false
App Mode: DEVELOPER
Menu Key: ESCAPE
Stage Style: DECORATED
Scene Factory: class com.almasb.fxgl.app.scene.SceneFactory

16:59:49.862 [FXGL Background Thread 2 ] DEBUG Engine               - soundMenuBack: menu/back.wav
16:59:49.862 [FXGL Background Thread 2 ] DEBUG Engine               - soundMenuPress: menu/press.wav
16:59:49.862 [FXGL Background Thread 2 ] DEBUG Engine               - soundMenuSelect: menu/select.wav
16:59:49.862 [FXGL Background Thread 2 ] DEBUG Engine               - soundNotification: core/notification.wav
16:59:49.862 [FXGL Background Thread 2 ] DEBUG Engine               - stageStyle: DECORATED
16:59:49.862 [FXGL Background Thread 2 ] DEBUG Engine               - supportedLanguages: [ENGLISH, FRENCH, GERMAN, HUNGARIAN, RUSSIAN]
16:59:49.862 [FXGL Background Thread 2 ] DEBUG Engine               - title: Pong Game
16:59:49.862 [FXGL Background Thread 2 ] DEBUG Engine               - urlGithub: https://github.com/AlmasB/FXGL
16:59:49.862 [FXGL Background Thread 2 ] DEBUG Engine               - urlLeaderboard: http://fxgl-top.herokuapp.com/
16:59:49.862 [FXGL Background Thread 2 ] DEBUG Engine               - urlPOM: https://raw.githubusercontent.com/AlmasB/FXGL/master/pom.xml
16:59:49.863 [FXGL Background Thread 2 ] DEBUG Engine               - version: 0.0
16:59:49.863 [FXGL Background Thread 2 ] DEBUG Engine               - versionCheckDays: 7
16:59:49.863 [FXGL Background Thread 2 ] DEBUG Engine               - width: 800
16:59:49.863 [FXGL Background Thread 2 ] DEBUG Engine               - Logging services
16:59:49.863 [FXGL Background Thread 2 ] DEBUG Engine               - class com.almasb.fxgl.app.GameApplication$GameApplicationService
16:59:49.863 [FXGL Background Thread 2 ] DEBUG Engine               - class com.almasb.fxgl.app.services.WindowService
16:59:49.863 [FXGL Background Thread 2 ] DEBUG Engine               - class com.almasb.fxgl.app.services.FXGLDialogService
16:59:49.863 [FXGL Background Thread 2 ] DEBUG Engine               - class com.almasb.fxgl.app.services.IOTaskExecutorService
16:59:49.863 [FXGL Background Thread 2 ] DEBUG Engine               - class com.almasb.fxgl.event.EventBusService
16:59:49.863 [FXGL Background Thread 2 ] DEBUG Engine               - class com.almasb.fxgl.io.FileSystemService
16:59:49.863 [FXGL Background Thread 2 ] DEBUG Engine               - class com.almasb.fxgl.localization.LocalizationService
16:59:49.863 [FXGL Background Thread 2 ] DEBUG Engine               - class com.almasb.fxgl.app.services.AssetLoaderService
16:59:49.863 [FXGL Background Thread 2 ] DEBUG Engine               - class com.almasb.fxgl.app.services.SystemBundleService
16:59:49.863 [FXGL Background Thread 2 ] DEBUG Engine               - class com.almasb.fxgl.profile.SaveLoadService
16:59:49.863 [FXGL Background Thread 2 ] DEBUG Engine               - class com.almasb.fxgl.ui.FXGLUIFactoryServiceProvider
16:59:49.864 [FXGL Background Thread 2 ] DEBUG Engine               - class com.almasb.fxgl.ui.FXGLDialogFactoryServiceProvider
16:59:49.864 [FXGL Background Thread 2 ] DEBUG Engine               - class com.almasb.fxgl.audio.AudioPlayer
16:59:49.864 [FXGL Background Thread 2 ] DEBUG Engine               - class com.almasb.fxgl.notification.impl.NotificationServiceProvider
16:59:49.864 [FXGL Background Thread 2 ] DEBUG Engine               - class com.almasb.fxgl.achievement.AchievementService
16:59:49.864 [FXGL Background Thread 2 ] DEBUG Engine               - class com.almasb.fxgl.cutscene.CutsceneService
16:59:49.864 [FXGL Background Thread 2 ] DEBUG Engine               - class com.almasb.fxgl.minigames.MiniGameService
16:59:49.864 [FXGL Background Thread 2 ] DEBUG Engine               - class com.almasb.fxgl.net.NetService
16:59:49.864 [FXGL Background Thread 2 ] DEBUG Engine               - class com.almasb.fxgl.app.services.UpdaterService
16:59:49.864 [FXGL Background Thread 2 ] DEBUG Engine               - class com.almasb.fxgl.dev.DevService
16:59:51.506 [JavaFX Application Thread] DEBUG MainWindow           - Push state: FXGLDefaultMenu
16:59:51.513 [JavaFX Application Thread] DEBUG Input                - Clearing active input actions
16:59:51.525 [JavaFX Application Thread] DEBUG WindowService        - Removing overlay from GameScene and adding to FXGLDefaultMenu
16:59:51.525 [JavaFX Application Thread] DEBUG MainWindow           - GameScene -> FXGLDefaultMenu
16:59:52.651 [JavaFX Application Thread] DEBUG Menu                 - fireExit()
16:59:52.654 [JavaFX Application Thread] DEBUG MainWindow           - Push state: DialogSubScene
16:59:52.654 [JavaFX Application Thread] DEBUG Input                - Clearing active input actions
16:59:52.659 [JavaFX Application Thread] DEBUG WindowService        - Removing overlay from FXGLDefaultMenu and adding to DialogSubScene
16:59:52.660 [JavaFX Application Thread] DEBUG MainWindow           - FXGLDefaultMenu -> DialogSubScene
16:59:53.265 [JavaFX Application Thread] DEBUG MainWindow           - Pop state: DialogSubScene
16:59:53.265 [JavaFX Application Thread] DEBUG Input                - Clearing active input actions
16:59:53.266 [JavaFX Application Thread] DEBUG WindowService        - Removing overlay from DialogSubScene and adding to FXGLDefaultMenu
16:59:53.267 [JavaFX Application Thread] DEBUG MainWindow           - FXGLDefaultMenu <- DialogSubScene
16:59:53.267 [JavaFX Application Thread] DEBUG GameApplication      - Exiting FXGL
16:59:53.267 [JavaFX Application Thread] DEBUG LoopRunner           - Stopping loop
16:59:53.267 [JavaFX Application Thread] DEBUG SystemBundleService  - Saving FXGL system data
16:59:53.268 [JavaFX Application Thread] DEBUG FileSystemAccess     - Writing to: /home/luke/dev/Pracitce Programs--Games/Pong/system/fxgl.bundle
16:59:53.270 [JavaFX Application Thread] DEBUG GameApplication      - Shutting down background threads
16:59:53.270 [JavaFX Application Thread] DEBUG GameApplication      - Closing logger and exiting JavaFX
