15:51:27.046 [main                     ] DEBUG GameApplication      - Logger initialized
15:51:27.052 [main                     ] DEBUG GameApplication      - Logging settings
Title: Pong Game
Version: 0.0
Width: 800
Height: 600
Fullscreen: false
Intro: false
Profiling: false
Single step:false
App Mode: DEVELOPER
Menu Key: ESCAPE
Stage Style: DECORATED
Scene Factory: class com.almasb.fxgl.app.scene.SceneFactory

15:51:27.482 [JavaFX Application Thread] DEBUG GameApplication      - Initializing FXGL
15:51:27.488 [JavaFX Application Thread] INFO  Engine               - FXGL-11.9 (27.05.2020 17.06) on LINUX (J:14.0.2 FX:13.0.2)
15:51:27.489 [JavaFX Application Thread] DEBUG Engine               - JRE Vendor Name: Oracle Corporation
15:51:27.489 [JavaFX Application Thread] DEBUG Engine               - Running on OS: Linux version 5.3.0-51-generic
15:51:27.489 [JavaFX Application Thread] DEBUG Engine               - Architecture: amd64
15:51:27.489 [JavaFX Application Thread] INFO  Engine               - Source code and latest versions at: https://github.com/AlmasB/FXGL
15:51:27.490 [JavaFX Application Thread] INFO  Engine               -              Join the FXGL chat at: https://gitter.im/AlmasB/FXGL
15:51:27.575 [JavaFX Application Thread] DEBUG MainWindow           - Creating a JavaFX scene
15:51:27.632 [JavaFX Application Thread] DEBUG MainWindow           - Target settings size: 800.0 x 600.0
15:51:27.632 [JavaFX Application Thread] DEBUG MainWindow           - Scaled scene size:    800.0 x 600.0
15:51:27.633 [JavaFX Application Thread] DEBUG MainWindow           - Scaled ratio: (1.0, 1.0)
15:51:27.634 [JavaFX Application Thread] DEBUG MainWindow           - Set initial scene to FXGLStartupScene
15:51:27.638 [JavaFX Application Thread] DEBUG MainWindow           - Opening main window
15:51:27.671 [JavaFX Application Thread] DEBUG MainWindow           - Window border size: (2.0, 29.0)
15:51:27.671 [JavaFX Application Thread] DEBUG MainWindow           - Scaled size: 800.0 x 600.0
15:51:27.672 [JavaFX Application Thread] DEBUG MainWindow           - Scaled ratio: (1.0, 1.0)
15:51:27.672 [JavaFX Application Thread] DEBUG MainWindow           - Scene size: 800.0 x 600.0
15:51:27.672 [JavaFX Application Thread] DEBUG MainWindow           - Stage size: 802.0 x 629.0
15:51:27.680 [FXGL Background Thread 1 ] DEBUG Engine               - Initializing environment variables
15:51:27.703 [FXGL Background Thread 1 ] DEBUG WindowService        - Applying CSS: fxgl_dark.css
15:51:27.703 [FXGL Background Thread 1 ] DEBUG AssetLoaderService   - Loading from file system: /assets/ui/css/fxgl_dark.css
15:51:27.749 [FXGL Background Thread 1 ] DEBUG WindowService        - Initializing application scenes
15:51:27.778 [FXGL Background Thread 1 ] DEBUG GameWorld            - Game world initialized
15:51:27.807 [FXGL Background Thread 1 ] DEBUG PhysicsWorld         - Physics world initialized: appHeight=600, physics.ppm=50.0
15:51:27.809 [FXGL Background Thread 1 ] DEBUG GameScene            - Game scene initialized: 800x600
15:51:27.829 [FXGL Background Thread 1 ] DEBUG AssetLoaderService   - Loading from file system: /assets/textures/particles/trace_horizontal.png
15:51:27.891 [FXGL Background Thread 1 ] DEBUG FXGL.DefaultMenu     - createMenuBodyGameMenu()
15:51:27.907 [FXGL Background Thread 1 ] DEBUG FXGL.DefaultMenu     - createOptionsMenu()
15:51:27.912 [FXGL Background Thread 1 ] DEBUG AssetLoaderService   - Loading from file system: /assets/textures/particles/smoke.png
15:51:27.976 [FXGL Background Thread 1 ] DEBUG WindowService        - Application scenes initialized
15:51:27.985 [FXGL Background Thread 1 ] DEBUG SystemBundleService  - Loading FXGL system data
15:51:27.988 [FXGL Background Thread 1 ] DEBUG FileSystemAccess     - Reading from: /home/luke/dev/Pracitce Programs--Games/Pong/system/fxgl.bundle
15:51:27.997 [FXGL Background Thread 1 ] DEBUG SystemBundleService  - Bundle FXGL: {}
15:51:27.997 [FXGL Background Thread 1 ] INFO  Engine               - FXGL initialization took: 0.315 sec
15:51:27.999 [FXGL Background Thread 1 ] DEBUG GameApplication      - Loading localizations
15:51:28.000 [FXGL Background Thread 1 ] DEBUG AssetLoaderService   - Loading from file system: /assets/languages/english.lang
15:51:28.012 [FXGL Background Thread 1 ] DEBUG AssetLoaderService   - Loading from file system: /assets/languages/french.lang
15:51:28.015 [FXGL Background Thread 1 ] DEBUG AssetLoaderService   - Loading from file system: /assets/languages/german.lang
15:51:28.017 [FXGL Background Thread 1 ] DEBUG AssetLoaderService   - Loading from file system: /assets/languages/hungarian.lang
15:51:28.023 [FXGL Background Thread 1 ] DEBUG AssetLoaderService   - Loading from file system: /assets/languages/russian.lang
15:51:28.026 [FXGL Background Thread 1 ] DEBUG GameApplication      - Registering font factories with UI factory
15:51:28.026 [FXGL Background Thread 1 ] DEBUG AssetLoaderService   - Loading from file system: /assets/ui/fonts/VarelaRound-Regular.ttf
15:51:28.034 [FXGL Background Thread 1 ] DEBUG AssetLoaderService   - Loading from file system: /assets/ui/fonts/Abel-Regular.ttf
15:51:28.036 [FXGL Background Thread 1 ] DEBUG AssetLoaderService   - Loading from file system: /assets/ui/fonts/lucida_console.ttf
15:51:28.038 [FXGL Background Thread 1 ] DEBUG AssetLoaderService   - Loading from file system: /assets/ui/fonts/Courier-Prime.ttf
15:51:28.051 [JavaFX Application Thread] DEBUG Input                - Registered new binding: Up 1 - W
15:51:28.051 [JavaFX Application Thread] DEBUG Input                - Registered new binding: Down 1 - S
15:51:28.051 [JavaFX Application Thread] DEBUG Input                - Registered new binding: Up 2 - Up
15:51:28.052 [JavaFX Application Thread] DEBUG Input                - Registered new binding: Down 2 - Down
15:51:28.052 [JavaFX Application Thread] DEBUG AssetLoaderService   - Loading from file system: /assets/textures/fxgl_icon.png
15:51:28.084 [JavaFX Application Thread] DEBUG AssetLoaderService   - Loading from file system: /assets/ui/cursors/fxgl_default.png
15:51:28.088 [JavaFX Application Thread] DEBUG Input                - Registered new binding: Screenshot - P
15:51:28.089 [JavaFX Application Thread] DEBUG Input                - Registered new binding: System info dump - CTRL+9
15:51:28.090 [JavaFX Application Thread] DEBUG Input                - Registered new binding: Restart - CTRL+R
15:51:28.090 [JavaFX Application Thread] DEBUG LoopRunner           - Starting loop
15:51:28.102 [JavaFX Application Thread] DEBUG FXGLStartupScene     - STARTUP
15:51:28.102 [JavaFX Application Thread] DEBUG WindowService        - Starting new game
15:51:28.103 [JavaFX Application Thread] DEBUG Input                - Clearing active input actions
15:51:28.127 [JavaFX Application Thread] DEBUG WindowService        - Removing overlay from FXGLStartupScene and adding to FXGLLoadingScene
15:51:28.127 [JavaFX Application Thread] DEBUG MainWindow           - FXGLStartupScene -> FXGLLoadingScene
15:51:28.128 [JavaFX Application Thread] DEBUG WindowService        - Clearing previous game
15:51:28.128 [JavaFX Application Thread] DEBUG GameScene            - Clearing game scene
15:51:28.128 [JavaFX Application Thread] DEBUG GameWorld            - Clearing game world
15:51:28.128 [JavaFX Application Thread] DEBUG PhysicsWorld         - Clearing physics world
15:51:28.129 [FXGL Background Thread 1 ] DEBUG GameApplication      - Initializing game
15:51:28.140 [FXGL Background Thread 1 ] INFO  GameApplication      - Game initialization took: 0.010 sec
15:51:28.248 [JavaFX Application Thread] DEBUG Input                - Clearing active input actions
15:51:28.261 [JavaFX Application Thread] DEBUG WindowService        - Removing overlay from FXGLLoadingScene and adding to GameScene
15:51:28.262 [JavaFX Application Thread] DEBUG MainWindow           - FXGLLoadingScene -> GameScene
15:51:30.999 [FXGL Background Thread 2 ] DEBUG Engine               - Logging environment variables
15:51:31.000 [FXGL Background Thread 2 ] DEBUG Engine               - achievements: []
15:51:31.000 [FXGL Background Thread 2 ] DEBUG Engine               - appIcon: fxgl_icon.png
15:51:31.001 [FXGL Background Thread 2 ] DEBUG Engine               - applicationMode: DEVELOPER
15:51:31.001 [FXGL Background Thread 2 ] DEBUG Engine               - cSSList: [fxgl_dark.css]
15:51:31.001 [FXGL Background Thread 2 ] DEBUG Engine               - configClass: Optional.empty
15:51:31.002 [FXGL Background Thread 2 ] DEBUG Engine               - credits: []
15:51:31.002 [FXGL Background Thread 2 ] DEBUG Engine               - devBBoxColorProperty: ObjectProperty [value: 0xff0000ff]
15:51:31.003 [FXGL Background Thread 2 ] DEBUG Engine               - devSensorColorProperty: ObjectProperty [value: 0xffff00ff]
15:51:31.003 [FXGL Background Thread 2 ] DEBUG Engine               - devShowBBoxProperty: BooleanProperty [value: false]
15:51:31.004 [FXGL Background Thread 2 ] DEBUG Engine               - devShowPositionProperty: BooleanProperty [value: false]
15:51:31.004 [FXGL Background Thread 2 ] DEBUG Engine               - enabledMenuItems: []
15:51:31.004 [FXGL Background Thread 2 ] DEBUG Engine               - engineServices: [class com.almasb.fxgl.app.GameApplication$GameApplicationService, class com.almasb.fxgl.app.services.WindowService, class com.almasb.fxgl.app.services.FXGLDialogService, class com.almasb.fxgl.app.services.IOTaskExecutorService, class com.almasb.fxgl.event.EventBusService, class com.almasb.fxgl.io.FileSystemService, class com.almasb.fxgl.localization.LocalizationService, class com.almasb.fxgl.app.services.AssetLoaderService, class com.almasb.fxgl.app.services.SystemBundleService, class com.almasb.fxgl.profile.SaveLoadService, class com.almasb.fxgl.ui.FXGLUIFactoryServiceProvider, class com.almasb.fxgl.ui.FXGLDialogFactoryServiceProvider, class com.almasb.fxgl.audio.AudioPlayer, class com.almasb.fxgl.notification.impl.NotificationServiceProvider, class com.almasb.fxgl.achievement.AchievementService, class com.almasb.fxgl.cutscene.CutsceneService, class com.almasb.fxgl.minigames.MiniGameService, class com.almasb.fxgl.net.NetService, class com.almasb.fxgl.app.services.UpdaterService, class com.almasb.fxgl.dev.DevService]
15:51:31.005 [FXGL Background Thread 2 ] DEBUG Engine               - fontGame: Abel-Regular.ttf
15:51:31.005 [FXGL Background Thread 2 ] DEBUG Engine               - fontMono: lucida_console.ttf
15:51:31.005 [FXGL Background Thread 2 ] DEBUG Engine               - fontText: Courier-Prime.ttf
15:51:31.005 [FXGL Background Thread 2 ] DEBUG Engine               - fontUI: VarelaRound-Regular.ttf
15:51:31.006 [FXGL Background Thread 2 ] DEBUG Engine               - fullScreen: BooleanProperty [value: false]
15:51:31.006 [FXGL Background Thread 2 ] DEBUG Engine               - gameDifficulty: MEDIUM
15:51:31.006 [FXGL Background Thread 2 ] DEBUG Engine               - gameDifficultyProperty: ObjectProperty [value: MEDIUM]
15:51:31.006 [FXGL Background Thread 2 ] DEBUG Engine               - globalMusicVolume: 0.5
15:51:31.006 [FXGL Background Thread 2 ] DEBUG Engine               - globalMusicVolumeProperty: DoubleProperty [value: 0.5]
15:51:31.007 [FXGL Background Thread 2 ] DEBUG Engine               - globalSoundVolume: 0.5
15:51:31.007 [FXGL Background Thread 2 ] DEBUG Engine               - globalSoundVolumeProperty: DoubleProperty [value: 0.5]
15:51:31.007 [FXGL Background Thread 2 ] DEBUG Engine               - height: 600
15:51:31.007 [FXGL Background Thread 2 ] DEBUG Engine               - isAndroid: false
15:51:31.007 [FXGL Background Thread 2 ] DEBUG Engine               - isBrowser: false
15:51:31.007 [FXGL Background Thread 2 ] DEBUG Engine               - isClickFeedbackEnabled: false
15:51:31.008 [FXGL Background Thread 2 ] DEBUG Engine               - isCloseConfirmation: false
15:51:31.008 [FXGL Background Thread 2 ] DEBUG Engine               - isDesktop: true
15:51:31.008 [FXGL Background Thread 2 ] DEBUG Engine               - isDeveloperMenuEnabled: false
15:51:31.008 [FXGL Background Thread 2 ] DEBUG Engine               - isExperimentalNative: false
15:51:31.008 [FXGL Background Thread 2 ] DEBUG Engine               - isExperimentalTiledLargeMap: false
15:51:31.008 [FXGL Background Thread 2 ] DEBUG Engine               - isFullScreenAllowed: false
15:51:31.009 [FXGL Background Thread 2 ] DEBUG Engine               - isFullScreenFromStart: false
15:51:31.009 [FXGL Background Thread 2 ] DEBUG Engine               - isGameMenuEnabled: true
15:51:31.009 [FXGL Background Thread 2 ] DEBUG Engine               - isIOS: false
15:51:31.009 [FXGL Background Thread 2 ] DEBUG Engine               - isIntroEnabled: false
15:51:31.009 [FXGL Background Thread 2 ] DEBUG Engine               - isLinux: true
15:51:31.009 [FXGL Background Thread 2 ] DEBUG Engine               - isMac: false
15:51:31.009 [FXGL Background Thread 2 ] DEBUG Engine               - isMainMenuEnabled: false
15:51:31.010 [FXGL Background Thread 2 ] DEBUG Engine               - isManualResizeEnabled: false
15:51:31.010 [FXGL Background Thread 2 ] DEBUG Engine               - isMobile: false
15:51:31.010 [FXGL Background Thread 2 ] DEBUG Engine               - isPreserveResizeRatio: false
15:51:31.010 [FXGL Background Thread 2 ] DEBUG Engine               - isProfilingEnabled: false
15:51:31.010 [FXGL Background Thread 2 ] DEBUG Engine               - isSingleStep: false
15:51:31.010 [FXGL Background Thread 2 ] DEBUG Engine               - isUserProfileEnabled: false
15:51:31.010 [FXGL Background Thread 2 ] DEBUG Engine               - isWindows: false
15:51:31.010 [FXGL Background Thread 2 ] DEBUG Engine               - language: ObjectProperty [value: ENGLISH]
15:51:31.010 [FXGL Background Thread 2 ] DEBUG Engine               - mainWindow: com.almasb.fxgl.app.MainWindow@1b9c530f
15:51:31.011 [FXGL Background Thread 2 ] DEBUG Engine               - menuKey: ESCAPE
15:51:31.011 [FXGL Background Thread 2 ] DEBUG Engine               - notificationViewClass: class com.almasb.fxgl.notification.view.XboxNotificationView
15:51:31.011 [FXGL Background Thread 2 ] DEBUG Engine               - pixelsPerMeter: 50.0
15:51:31.011 [FXGL Background Thread 2 ] DEBUG Engine               - platform: LINUX
15:51:31.011 [FXGL Background Thread 2 ] DEBUG Engine               - profileDir: profiles/
15:51:31.011 [FXGL Background Thread 2 ] DEBUG Engine               - profileName: StringProperty [value: DEFAULT]
15:51:31.011 [FXGL Background Thread 2 ] DEBUG Engine               - randomSeed: -1
15:51:31.011 [FXGL Background Thread 2 ] DEBUG Engine               - runtimeInfo: RuntimeInfo(platform=LINUX, version=11.9, build=27.05.2020 17.06)
15:51:31.012 [FXGL Background Thread 2 ] DEBUG Engine               - saveFileExt: sav
15:51:31.012 [FXGL Background Thread 2 ] DEBUG Engine               - sceneFactory: com.almasb.fxgl.app.scene.SceneFactory@1fa3d4a4
15:51:31.012 [FXGL Background Thread 2 ] DEBUG Engine               - secondsIn24h: 60
15:51:31.012 [FXGL Background Thread 2 ] DEBUG Engine               - settings: Title: Pong Game
Version: 0.0
Width: 800
Height: 600
Fullscreen: false
Intro: false
Profiling: false
Single step:false
App Mode: DEVELOPER
Menu Key: ESCAPE
Stage Style: DECORATED
Scene Factory: class com.almasb.fxgl.app.scene.SceneFactory

15:51:31.012 [FXGL Background Thread 2 ] DEBUG Engine               - soundMenuBack: menu/back.wav
15:51:31.012 [FXGL Background Thread 2 ] DEBUG Engine               - soundMenuPress: menu/press.wav
15:51:31.012 [FXGL Background Thread 2 ] DEBUG Engine               - soundMenuSelect: menu/select.wav
15:51:31.012 [FXGL Background Thread 2 ] DEBUG Engine               - soundNotification: core/notification.wav
15:51:31.012 [FXGL Background Thread 2 ] DEBUG Engine               - stageStyle: DECORATED
15:51:31.012 [FXGL Background Thread 2 ] DEBUG Engine               - supportedLanguages: [ENGLISH, FRENCH, GERMAN, HUNGARIAN, RUSSIAN]
15:51:31.012 [FXGL Background Thread 2 ] DEBUG Engine               - title: Pong Game
15:51:31.013 [FXGL Background Thread 2 ] DEBUG Engine               - urlGithub: https://github.com/AlmasB/FXGL
15:51:31.013 [FXGL Background Thread 2 ] DEBUG Engine               - urlLeaderboard: http://fxgl-top.herokuapp.com/
15:51:31.013 [FXGL Background Thread 2 ] DEBUG Engine               - urlPOM: https://raw.githubusercontent.com/AlmasB/FXGL/master/pom.xml
15:51:31.013 [FXGL Background Thread 2 ] DEBUG Engine               - version: 0.0
15:51:31.013 [FXGL Background Thread 2 ] DEBUG Engine               - versionCheckDays: 7
15:51:31.013 [FXGL Background Thread 2 ] DEBUG Engine               - width: 800
15:51:31.013 [FXGL Background Thread 2 ] DEBUG Engine               - Logging services
15:51:31.013 [FXGL Background Thread 2 ] DEBUG Engine               - class com.almasb.fxgl.app.GameApplication$GameApplicationService
15:51:31.013 [FXGL Background Thread 2 ] DEBUG Engine               - class com.almasb.fxgl.app.services.WindowService
15:51:31.013 [FXGL Background Thread 2 ] DEBUG Engine               - class com.almasb.fxgl.app.services.FXGLDialogService
15:51:31.014 [FXGL Background Thread 2 ] DEBUG Engine               - class com.almasb.fxgl.app.services.IOTaskExecutorService
15:51:31.014 [FXGL Background Thread 2 ] DEBUG Engine               - class com.almasb.fxgl.event.EventBusService
15:51:31.014 [FXGL Background Thread 2 ] DEBUG Engine               - class com.almasb.fxgl.io.FileSystemService
15:51:31.014 [FXGL Background Thread 2 ] DEBUG Engine               - class com.almasb.fxgl.localization.LocalizationService
15:51:31.014 [FXGL Background Thread 2 ] DEBUG Engine               - class com.almasb.fxgl.app.services.AssetLoaderService
15:51:31.014 [FXGL Background Thread 2 ] DEBUG Engine               - class com.almasb.fxgl.app.services.SystemBundleService
15:51:31.014 [FXGL Background Thread 2 ] DEBUG Engine               - class com.almasb.fxgl.profile.SaveLoadService
15:51:31.014 [FXGL Background Thread 2 ] DEBUG Engine               - class com.almasb.fxgl.ui.FXGLUIFactoryServiceProvider
15:51:31.014 [FXGL Background Thread 2 ] DEBUG Engine               - class com.almasb.fxgl.ui.FXGLDialogFactoryServiceProvider
15:51:31.014 [FXGL Background Thread 2 ] DEBUG Engine               - class com.almasb.fxgl.audio.AudioPlayer
15:51:31.014 [FXGL Background Thread 2 ] DEBUG Engine               - class com.almasb.fxgl.notification.impl.NotificationServiceProvider
15:51:31.015 [FXGL Background Thread 2 ] DEBUG Engine               - class com.almasb.fxgl.achievement.AchievementService
15:51:31.015 [FXGL Background Thread 2 ] DEBUG Engine               - class com.almasb.fxgl.cutscene.CutsceneService
15:51:31.015 [FXGL Background Thread 2 ] DEBUG Engine               - class com.almasb.fxgl.minigames.MiniGameService
15:51:31.015 [FXGL Background Thread 2 ] DEBUG Engine               - class com.almasb.fxgl.net.NetService
15:51:31.015 [FXGL Background Thread 2 ] DEBUG Engine               - class com.almasb.fxgl.app.services.UpdaterService
15:51:31.015 [FXGL Background Thread 2 ] DEBUG Engine               - class com.almasb.fxgl.dev.DevService
15:51:44.316 [JavaFX Application Thread] DEBUG MainWindow           - Push state: FXGLDefaultMenu
15:51:44.322 [JavaFX Application Thread] DEBUG Input                - Clearing active input actions
15:51:44.333 [JavaFX Application Thread] DEBUG WindowService        - Removing overlay from GameScene and adding to FXGLDefaultMenu
15:51:44.333 [JavaFX Application Thread] DEBUG MainWindow           - GameScene -> FXGLDefaultMenu
15:51:45.459 [JavaFX Application Thread] DEBUG Menu                 - fireExit()
15:51:45.463 [JavaFX Application Thread] DEBUG MainWindow           - Push state: DialogSubScene
15:51:45.464 [JavaFX Application Thread] DEBUG Input                - Clearing active input actions
15:51:45.469 [JavaFX Application Thread] DEBUG WindowService        - Removing overlay from FXGLDefaultMenu and adding to DialogSubScene
15:51:45.470 [JavaFX Application Thread] DEBUG MainWindow           - FXGLDefaultMenu -> DialogSubScene
15:51:46.079 [JavaFX Application Thread] DEBUG MainWindow           - Pop state: DialogSubScene
15:51:46.079 [JavaFX Application Thread] DEBUG Input                - Clearing active input actions
15:51:46.081 [JavaFX Application Thread] DEBUG WindowService        - Removing overlay from DialogSubScene and adding to FXGLDefaultMenu
15:51:46.082 [JavaFX Application Thread] DEBUG MainWindow           - FXGLDefaultMenu <- DialogSubScene
15:51:46.082 [JavaFX Application Thread] DEBUG GameApplication      - Exiting FXGL
15:51:46.082 [JavaFX Application Thread] DEBUG LoopRunner           - Stopping loop
15:51:46.083 [JavaFX Application Thread] DEBUG SystemBundleService  - Saving FXGL system data
15:51:46.085 [JavaFX Application Thread] DEBUG FileSystemAccess     - Writing to: /home/luke/dev/Pracitce Programs--Games/Pong/system/fxgl.bundle
15:51:46.087 [JavaFX Application Thread] DEBUG GameApplication      - Shutting down background threads
15:51:46.087 [JavaFX Application Thread] DEBUG GameApplication      - Closing logger and exiting JavaFX
